"../../../../../2021-yr1-NoClue-INC/Content/HorrorEngine/Audio/Button/ButtonOff01.uasset" 0
"../../../../../2021-yr1-NoClue-INC/Content/HorrorEngine/Audio/Button/ButtonOff02.uasset" 1
"../../../../../2021-yr1-NoClue-INC/Content/HorrorEngine/Audio/Button/ButtonOff03.uasset" 2
"../../../../../2021-yr1-NoClue-INC/Content/HorrorEngine/Audio/Button/ButtonOff04.uasset" 3
"../../../../../2021-yr1-NoClue-INC/Content/HorrorEngine/Audio/Button/ButtonOff05.uasset" 4
"../../../../../2021-yr1-NoClue-INC/Content/HorrorEngine/Audio/Button/ButtonOff06.uasset" 5
"../../../../../2021-yr1-NoClue-INC/Content/HorrorEngine/Audio/Button/ButtonOn01.uasset" 6
"../../../../../2021-yr1-NoClue-INC/Content/HorrorEngine/Audio/Button/ButtonOn02.uasset" 7
"../../../../../2021-yr1-NoClue-INC/Content/HorrorEngine/Audio/Button/ButtonOn03.uasset" 8
"../../../../../2021-yr1-NoClue-INC/Content/HorrorEngine/Audio/Button/ButtonOn04.uasset" 9
"../../../../../2021-yr1-NoClue-INC/Content/HorrorEngine/Audio/Button/ButtonOn05.uasset" 10
"../../../../../2021-yr1-NoClue-INC/Content/HorrorEngine/Audio/Button/ButtonOn06.uasset" 11
"../../../../../2021-yr1-NoClue-INC/Content/HorrorEngine/Audio/Button/MetalCreak01.uasset" 12
"../../../../../2021-yr1-NoClue-INC/Content/HorrorEngine/Audio/Button/MetalFriction01.uasset" 13
"../../../../../2021-yr1-NoClue-INC/Content/HorrorEngine/Audio/DoorsAndFurnitures/Creak01.uasset" 14
"../../../../../2021-yr1-NoClue-INC/Content/HorrorEngine/Audio/DoorsAndFurnitures/Creak02.uasset" 15
"../../../../../2021-yr1-NoClue-INC/Content/HorrorEngine/Audio/DoorsAndFurnitures/Creak03.uasset" 16
"../../../../../2021-yr1-NoClue-INC/Content/HorrorEngine/Audio/DoorsAndFurnitures/Creak04.uasset" 17
"../../../../../2021-yr1-NoClue-INC/Content/HorrorEngine/Audio/DoorsAndFurnitures/Creak05.uasset" 18
"../../../../../2021-yr1-NoClue-INC/Content/HorrorEngine/Audio/DoorsAndFurnitures/Creak06.uasset" 19
"../../../../../2021-yr1-NoClue-INC/Content/HorrorEngine/Audio/DoorsAndFurnitures/Creak07.uasset" 20
"../../../../../2021-yr1-NoClue-INC/Content/HorrorEngine/Audio/DoorsAndFurnitures/Creak08.uasset" 21
"../../../../../2021-yr1-NoClue-INC/Content/HorrorEngine/Audio/DoorsAndFurnitures/Creak09.uasset" 22
"../../../../../2021-yr1-NoClue-INC/Content/HorrorEngine/Audio/DoorsAndFurnitures/Creak10.uasset" 23
"../../../../../2021-yr1-NoClue-INC/Content/HorrorEngine/Audio/DoorsAndFurnitures/Creak11.uasset" 24
"../../../../../2021-yr1-NoClue-INC/Content/HorrorEngine/Audio/DoorsAndFurnitures/Creak12.uasset" 25
"../../../../../2021-yr1-NoClue-INC/Content/HorrorEngine/Audio/DoorsAndFurnitures/Creak13.uasset" 26
"../../../../../2021-yr1-NoClue-INC/Content/HorrorEngine/Audio/DoorsAndFurnitures/Creak14.uasset" 27
"../../../../../2021-yr1-NoClue-INC/Content/HorrorEngine/Audio/DoorsAndFurnitures/Creak15.uasset" 28
"../../../../../2021-yr1-NoClue-INC/Content/HorrorEngine/Audio/DoorsAndFurnitures/Creak16.uasset" 29
"../../../../../2021-yr1-NoClue-INC/Content/HorrorEngine/Audio/DoorsAndFurnitures/Creak17.uasset" 30
"../../../../../2021-yr1-NoClue-INC/Content/HorrorEngine/Audio/DoorsAndFurnitures/Creak18.uasset" 31
"../../../../../2021-yr1-NoClue-INC/Content/HorrorEngine/Audio/DoorsAndFurnitures/Creak19.uasset" 32
"../../../../../2021-yr1-NoClue-INC/Content/HorrorEngine/Audio/DoorsAndFurnitures/Creak20.uasset" 33
"../../../../../2021-yr1-NoClue-INC/Content/HorrorEngine/Audio/DoorsAndFurnitures/Creak21.uasset" 34
"../../../../../2021-yr1-NoClue-INC/Content/HorrorEngine/Audio/DoorsAndFurnitures/Creak22.uasset" 35
"../../../../../2021-yr1-NoClue-INC/Content/HorrorEngine/Audio/DoorsAndFurnitures/Creak23.uasset" 36
"../../../../../2021-yr1-NoClue-INC/Content/HorrorEngine/Audio/DoorsAndFurnitures/Creak24.uasset" 37
"../../../../../2021-yr1-NoClue-INC/Content/HorrorEngine/Audio/DoorsAndFurnitures/Creak25.uasset" 38
"../../../../../2021-yr1-NoClue-INC/Content/HorrorEngine/Audio/DoorsAndFurnitures/Creak26.uasset" 39
"../../../../../2021-yr1-NoClue-INC/Content/HorrorEngine/Audio/DoorsAndFurnitures/Creak27.uasset" 40
"../../../../../2021-yr1-NoClue-INC/Content/HorrorEngine/Audio/DoorsAndFurnitures/Creak28.uasset" 41
"../../../../../2021-yr1-NoClue-INC/Content/HorrorEngine/Audio/DoorsAndFurnitures/Creak29.uasset" 42
"../../../../../2021-yr1-NoClue-INC/Content/HorrorEngine/Audio/DoorsAndFurnitures/Creak30.uasset" 43
"../../../../../2021-yr1-NoClue-INC/Content/HorrorEngine/Audio/DoorsAndFurnitures/DoorHit01.uasset" 44
"../../../../../2021-yr1-NoClue-INC/Content/HorrorEngine/Audio/DoorsAndFurnitures/DoorHit02.uasset" 45
"../../../../../2021-yr1-NoClue-INC/Content/HorrorEngine/Audio/DoorsAndFurnitures/DoorKnocking03.uasset" 46
"../../../../../2021-yr1-NoClue-INC/Content/HorrorEngine/Audio/DoorsAndFurnitures/DoorKnocking04.uasset" 47
"../../../../../2021-yr1-NoClue-INC/Content/HorrorEngine/Audio/DoorsAndFurnitures/DoorKnocking08.uasset" 48
"../../../../../2021-yr1-NoClue-INC/Content/HorrorEngine/Audio/DoorsAndFurnitures/DoorKnocking09.uasset" 49
"../../../../../2021-yr1-NoClue-INC/Content/HorrorEngine/Audio/DoorsAndFurnitures/DoorKnocking11.uasset" 50
"../../../../../2021-yr1-NoClue-INC/Content/HorrorEngine/Audio/DoorsAndFurnitures/DoorKnocking12.uasset" 51
"../../../../../2021-yr1-NoClue-INC/Content/HorrorEngine/Audio/DoorsAndFurnitures/DrawerClose01.uasset" 52
"../../../../../2021-yr1-NoClue-INC/Content/HorrorEngine/Audio/DoorsAndFurnitures/DrawerClose02.uasset" 53
"../../../../../2021-yr1-NoClue-INC/Content/HorrorEngine/Audio/DoorsAndFurnitures/DrawerClose03.uasset" 54
"../../../../../2021-yr1-NoClue-INC/Content/HorrorEngine/Audio/DoorsAndFurnitures/DrawerClose04.uasset" 55
"../../../../../2021-yr1-NoClue-INC/Content/HorrorEngine/Audio/DoorsAndFurnitures/DrawerOpen01.uasset" 56
"../../../../../2021-yr1-NoClue-INC/Content/HorrorEngine/Audio/DoorsAndFurnitures/DrawerOpen02.uasset" 57
"../../../../../2021-yr1-NoClue-INC/Content/HorrorEngine/Audio/DoorsAndFurnitures/DrawerOpen03.uasset" 58
"../../../../../2021-yr1-NoClue-INC/Content/HorrorEngine/Audio/DoorsAndFurnitures/DrawerOpen04.uasset" 59
"../../../../../2021-yr1-NoClue-INC/Content/HorrorEngine/Audio/DoorsAndFurnitures/DrawerOpen05.uasset" 60
"../../../../../2021-yr1-NoClue-INC/Content/HorrorEngine/Audio/DoorsAndFurnitures/DrawerOpen06.uasset" 61
"../../../../../2021-yr1-NoClue-INC/Content/HorrorEngine/Audio/DoorsAndFurnitures/DrawerOpen07.uasset" 62
"../../../../../2021-yr1-NoClue-INC/Content/HorrorEngine/Audio/DoorsAndFurnitures/DrawerOpen08.uasset" 63
"../../../../../2021-yr1-NoClue-INC/Content/HorrorEngine/Audio/DoorsAndFurnitures/DrawerOpen09.uasset" 64
"../../../../../2021-yr1-NoClue-INC/Content/HorrorEngine/Audio/DoorsAndFurnitures/DrawerOpen10.uasset" 65
"../../../../../2021-yr1-NoClue-INC/Content/HorrorEngine/Audio/DoorsAndFurnitures/HandleOpen01.uasset" 66
"../../../../../2021-yr1-NoClue-INC/Content/HorrorEngine/Audio/DoorsAndFurnitures/HandleOpen02.uasset" 67
"../../../../../2021-yr1-NoClue-INC/Content/HorrorEngine/Audio/DoorsAndFurnitures/HandleOpen03.uasset" 68
"../../../../../2021-yr1-NoClue-INC/Content/HorrorEngine/Audio/DoorsAndFurnitures/HandleOpen04.uasset" 69
"../../../../../2021-yr1-NoClue-INC/Content/HorrorEngine/Audio/DoorsAndFurnitures/HandleOpen05.uasset" 70
"../../../../../2021-yr1-NoClue-INC/Content/HorrorEngine/Audio/DoorsAndFurnitures/HandleOpen06.uasset" 71
"../../../../../2021-yr1-NoClue-INC/Content/HorrorEngine/Audio/DoorsAndFurnitures/HandleOpen07.uasset" 72
"../../../../../2021-yr1-NoClue-INC/Content/HorrorEngine/Audio/DoorsAndFurnitures/HandleOpen08.uasset" 73
"../../../../../2021-yr1-NoClue-INC/Content/HorrorEngine/Audio/DoorsAndFurnitures/HandleRelease01.uasset" 74
"../../../../../2021-yr1-NoClue-INC/Content/HorrorEngine/Audio/DoorsAndFurnitures/HandleRelease02.uasset" 75
"../../../../../2021-yr1-NoClue-INC/Content/HorrorEngine/Audio/DoorsAndFurnitures/HandleRelease03.uasset" 76
"../../../../../2021-yr1-NoClue-INC/Content/HorrorEngine/Audio/DoorsAndFurnitures/HandleRelease04.uasset" 77
"../../../../../2021-yr1-NoClue-INC/Content/HorrorEngine/Audio/DoorsAndFurnitures/HandleRelease05.uasset" 78
"../../../../../2021-yr1-NoClue-INC/Content/HorrorEngine/Audio/DoorsAndFurnitures/HandleRelease06.uasset" 79
"../../../../../2021-yr1-NoClue-INC/Content/HorrorEngine/Audio/DoorsAndFurnitures/HandleRelease07.uasset" 80
"../../../../../2021-yr1-NoClue-INC/Content/HorrorEngine/Audio/DoorsAndFurnitures/HandleRelease08.uasset" 81
"../../../../../2021-yr1-NoClue-INC/Content/HorrorEngine/Audio/DoorsAndFurnitures/Lock01.uasset" 82
"../../../../../2021-yr1-NoClue-INC/Content/HorrorEngine/Audio/DoorsAndFurnitures/Lock02.uasset" 83
"../../../../../2021-yr1-NoClue-INC/Content/HorrorEngine/Audio/DoorsAndFurnitures/Unlock01.uasset" 84
"../../../../../2021-yr1-NoClue-INC/Content/HorrorEngine/Audio/DoorsAndFurnitures/Unlock02.uasset" 85
"../../../../../2021-yr1-NoClue-INC/Content/HorrorEngine/Audio/DoorsAndFurnitures/WoodenHit01.uasset" 86
"../../../../../2021-yr1-NoClue-INC/Content/HorrorEngine/Audio/DoorsAndFurnitures/WoodenHit02.uasset" 87
"../../../../../2021-yr1-NoClue-INC/Content/HorrorEngine/Audio/DoorsAndFurnitures/WoodenHit03.uasset" 88
"../../../../../2021-yr1-NoClue-INC/Content/HorrorEngine/Audio/DoorsAndFurnitures/WoodenHit04.uasset" 89
"../../../../../2021-yr1-NoClue-INC/Content/HorrorEngine/Audio/Effects/Heartbeat.uasset" 90
"../../../../../2021-yr1-NoClue-INC/Content/HorrorEngine/Audio/Elecronic/Beep01.uasset" 91
"../../../../../2021-yr1-NoClue-INC/Content/HorrorEngine/Audio/Elecronic/Beep02.uasset" 92
"../../../../../2021-yr1-NoClue-INC/Content/HorrorEngine/Audio/Elecronic/Beep03.uasset" 93
"../../../../../2021-yr1-NoClue-INC/Content/HorrorEngine/Audio/Elecronic/CameraZoomIn.uasset" 94
"../../../../../2021-yr1-NoClue-INC/Content/HorrorEngine/Audio/Elecronic/CameraZoomOut.uasset" 95
"../../../../../2021-yr1-NoClue-INC/Content/HorrorEngine/Audio/Elecronic/CameroidShot.uasset" 96
"../../../../../2021-yr1-NoClue-INC/Content/HorrorEngine/Audio/Elecronic/CorrectCode.uasset" 97
"../../../../../2021-yr1-NoClue-INC/Content/HorrorEngine/Audio/Elecronic/E-DoorClose.uasset" 98
"../../../../../2021-yr1-NoClue-INC/Content/HorrorEngine/Audio/Elecronic/E-DoorCloseHit.uasset" 99
"../../../../../2021-yr1-NoClue-INC/Content/HorrorEngine/Audio/Elecronic/E-DoorCloseLoop.uasset" 100
"../../../../../2021-yr1-NoClue-INC/Content/HorrorEngine/Audio/Elecronic/E-DoorOpen.uasset" 101
"../../../../../2021-yr1-NoClue-INC/Content/HorrorEngine/Audio/Elecronic/E-DoorOpenHit.uasset" 102
"../../../../../2021-yr1-NoClue-INC/Content/HorrorEngine/Audio/Elecronic/E-DoorOpenLoop.uasset" 103
"../../../../../2021-yr1-NoClue-INC/Content/HorrorEngine/Audio/Elecronic/KeyCardClose.uasset" 104
"../../../../../2021-yr1-NoClue-INC/Content/HorrorEngine/Audio/Elecronic/KeyCardDenied.uasset" 105
"../../../../../2021-yr1-NoClue-INC/Content/HorrorEngine/Audio/Elecronic/KeyCardOpen.uasset" 106
"../../../../../2021-yr1-NoClue-INC/Content/HorrorEngine/Audio/Elecronic/Warning.uasset" 107
"../../../../../2021-yr1-NoClue-INC/Content/HorrorEngine/Audio/Elecronic/WrongCode.uasset" 108
"../../../../../2021-yr1-NoClue-INC/Content/HorrorEngine/Audio/Environment/Alarm.uasset" 109
"../../../../../2021-yr1-NoClue-INC/Content/HorrorEngine/Audio/Environment/Ball01.uasset" 110
"../../../../../2021-yr1-NoClue-INC/Content/HorrorEngine/Audio/Environment/Ball02.uasset" 111
"../../../../../2021-yr1-NoClue-INC/Content/HorrorEngine/Audio/Environment/Ball03.uasset" 112
"../../../../../2021-yr1-NoClue-INC/Content/HorrorEngine/Audio/Environment/NewGlowstick.uasset" 113
"../../../../../2021-yr1-NoClue-INC/Content/HorrorEngine/Audio/Environment/PickUp.uasset" 114
"../../../../../2021-yr1-NoClue-INC/Content/HorrorEngine/Audio/Environment/PickUpBattery.uasset" 115
"../../../../../2021-yr1-NoClue-INC/Content/HorrorEngine/Audio/Environment/TakeKey.uasset" 116
"../../../../../2021-yr1-NoClue-INC/Content/HorrorEngine/Audio/Footsteps/Carpet_01.uasset" 117
"../../../../../2021-yr1-NoClue-INC/Content/HorrorEngine/Audio/Footsteps/Carpet_02.uasset" 118
"../../../../../2021-yr1-NoClue-INC/Content/HorrorEngine/Audio/Footsteps/Carpet_03.uasset" 119
"../../../../../2021-yr1-NoClue-INC/Content/HorrorEngine/Audio/Footsteps/Carpet_04.uasset" 120
"../../../../../2021-yr1-NoClue-INC/Content/HorrorEngine/Audio/Footsteps/Carpet_Jump.uasset" 121
"../../../../../2021-yr1-NoClue-INC/Content/HorrorEngine/Audio/Footsteps/Dirt_01.uasset" 122
"../../../../../2021-yr1-NoClue-INC/Content/HorrorEngine/Audio/Footsteps/Dirt_02.uasset" 123
"../../../../../2021-yr1-NoClue-INC/Content/HorrorEngine/Audio/Footsteps/Dirt_03.uasset" 124
"../../../../../2021-yr1-NoClue-INC/Content/HorrorEngine/Audio/Footsteps/Dirt_04.uasset" 125
"../../../../../2021-yr1-NoClue-INC/Content/HorrorEngine/Audio/Footsteps/Dirt_Jump.uasset" 126
"../../../../../2021-yr1-NoClue-INC/Content/HorrorEngine/Audio/Footsteps/Grass_01.uasset" 127
"../../../../../2021-yr1-NoClue-INC/Content/HorrorEngine/Audio/Footsteps/Grass_02.uasset" 128
"../../../../../2021-yr1-NoClue-INC/Content/HorrorEngine/Audio/Footsteps/Grass_03.uasset" 129
"../../../../../2021-yr1-NoClue-INC/Content/HorrorEngine/Audio/Footsteps/Grass_04.uasset" 130
"../../../../../2021-yr1-NoClue-INC/Content/HorrorEngine/Audio/Footsteps/Grass_Jump.uasset" 131
"../../../../../2021-yr1-NoClue-INC/Content/HorrorEngine/Audio/Footsteps/Metal_01.uasset" 132
"../../../../../2021-yr1-NoClue-INC/Content/HorrorEngine/Audio/Footsteps/Metal_02.uasset" 133
"../../../../../2021-yr1-NoClue-INC/Content/HorrorEngine/Audio/Footsteps/Metal_03.uasset" 134
"../../../../../2021-yr1-NoClue-INC/Content/HorrorEngine/Audio/Footsteps/Metal_04.uasset" 135
"../../../../../2021-yr1-NoClue-INC/Content/HorrorEngine/Audio/Footsteps/Metal_Jump.uasset" 136
"../../../../../2021-yr1-NoClue-INC/Content/HorrorEngine/Audio/Footsteps/Rock_01.uasset" 137
"../../../../../2021-yr1-NoClue-INC/Content/HorrorEngine/Audio/Footsteps/Rock_02.uasset" 138
"../../../../../2021-yr1-NoClue-INC/Content/HorrorEngine/Audio/Footsteps/Rock_03.uasset" 139
"../../../../../2021-yr1-NoClue-INC/Content/HorrorEngine/Audio/Footsteps/Rock_04.uasset" 140
"../../../../../2021-yr1-NoClue-INC/Content/HorrorEngine/Audio/Footsteps/Rock_Jump.uasset" 141
"../../../../../2021-yr1-NoClue-INC/Content/HorrorEngine/Audio/Footsteps/Tile_01.uasset" 142
"../../../../../2021-yr1-NoClue-INC/Content/HorrorEngine/Audio/Footsteps/Tile_02.uasset" 143
"../../../../../2021-yr1-NoClue-INC/Content/HorrorEngine/Audio/Footsteps/Tile_03.uasset" 144
"../../../../../2021-yr1-NoClue-INC/Content/HorrorEngine/Audio/Footsteps/Tile_04.uasset" 145
"../../../../../2021-yr1-NoClue-INC/Content/HorrorEngine/Audio/Footsteps/Tile_Jump.uasset" 146
"../../../../../2021-yr1-NoClue-INC/Content/HorrorEngine/Audio/Footsteps/Wood_01.uasset" 147
"../../../../../2021-yr1-NoClue-INC/Content/HorrorEngine/Audio/Footsteps/Wood_02.uasset" 148
"../../../../../2021-yr1-NoClue-INC/Content/HorrorEngine/Audio/Footsteps/Wood_03.uasset" 149
"../../../../../2021-yr1-NoClue-INC/Content/HorrorEngine/Audio/Footsteps/Wood_04.uasset" 150
"../../../../../2021-yr1-NoClue-INC/Content/HorrorEngine/Audio/Footsteps/Wood_Jump.uasset" 151
"../../../../../2021-yr1-NoClue-INC/Content/HorrorEngine/Audio/LighterAndTorch/AddOil.uasset" 152
"../../../../../2021-yr1-NoClue-INC/Content/HorrorEngine/Audio/LighterAndTorch/FireSparks.uasset" 153
"../../../../../2021-yr1-NoClue-INC/Content/HorrorEngine/Audio/LighterAndTorch/GetOil.uasset" 154
"../../../../../2021-yr1-NoClue-INC/Content/HorrorEngine/Audio/LighterAndTorch/LighterClose01.uasset" 155
"../../../../../2021-yr1-NoClue-INC/Content/HorrorEngine/Audio/LighterAndTorch/LighterClose02.uasset" 156
"../../../../../2021-yr1-NoClue-INC/Content/HorrorEngine/Audio/LighterAndTorch/LighterClose03.uasset" 157
"../../../../../2021-yr1-NoClue-INC/Content/HorrorEngine/Audio/LighterAndTorch/LighterLight01.uasset" 158
"../../../../../2021-yr1-NoClue-INC/Content/HorrorEngine/Audio/LighterAndTorch/LighterOpen01.uasset" 159
"../../../../../2021-yr1-NoClue-INC/Content/HorrorEngine/Audio/LighterAndTorch/LighterOpen02.uasset" 160
"../../../../../2021-yr1-NoClue-INC/Content/HorrorEngine/Audio/LighterAndTorch/LighterOpen03.uasset" 161
"../../../../../2021-yr1-NoClue-INC/Content/HorrorEngine/Audio/LighterAndTorch/LighterOpen04.uasset" 162
"../../../../../2021-yr1-NoClue-INC/Content/HorrorEngine/Audio/LighterAndTorch/LitTorch.uasset" 163
"../../../../../2021-yr1-NoClue-INC/Content/HorrorEngine/Audio/Paper/Paper01.uasset" 164
"../../../../../2021-yr1-NoClue-INC/Content/HorrorEngine/Audio/Paper/Paper02.uasset" 165
"../../../../../2021-yr1-NoClue-INC/Content/HorrorEngine/Audio/Paper/Paper03.uasset" 166
"../../../../../2021-yr1-NoClue-INC/Content/HorrorEngine/Audio/Paper/Paper04.uasset" 167
"../../../../../2021-yr1-NoClue-INC/Content/HorrorEngine/Audio/Paper/Paper05.uasset" 168
"../../../../../2021-yr1-NoClue-INC/Content/HorrorEngine/Audio/Paper/Paper08.uasset" 169
"../../../../../2021-yr1-NoClue-INC/Content/HorrorEngine/Audio/SFX/DiaryUpdate.uasset" 170
"../../../../../2021-yr1-NoClue-INC/Content/HorrorEngine/Audio/SFX/Glitch.uasset" 171
"../../../../../2021-yr1-NoClue-INC/Content/HorrorEngine/Audio/SFX/YouDied.uasset" 172
"../../../../../2021-yr1-NoClue-INC/Content/HorrorEngine/Audio/VhsPlayer/TapeEject01.uasset" 173
"../../../../../2021-yr1-NoClue-INC/Content/HorrorEngine/Audio/VhsPlayer/TapeEject02.uasset" 174
"../../../../../2021-yr1-NoClue-INC/Content/HorrorEngine/Audio/VhsPlayer/TapeInsert01.uasset" 175
"../../../../../2021-yr1-NoClue-INC/Content/HorrorEngine/Audio/VhsPlayer/TapeInsert02.uasset" 176
"../../../../../2021-yr1-NoClue-INC/Content/HorrorEngine/Audio/VhsPlayer/TvNoise.uasset" 177
"../../../../../2021-yr1-NoClue-INC/Content/HorrorEngine/Audio/VhsPlayer/VhsEject01.uasset" 178
"../../../../../2021-yr1-NoClue-INC/Content/HorrorEngine/Audio/VhsPlayer/VhsEject02.uasset" 179
"../../../../../2021-yr1-NoClue-INC/Content/HorrorEngine/Audio/VhsPlayer/VhsFastReverseEnd.uasset" 180
"../../../../../2021-yr1-NoClue-INC/Content/HorrorEngine/Audio/VhsPlayer/VhsFastReverseLoop.uasset" 181
"../../../../../2021-yr1-NoClue-INC/Content/HorrorEngine/Audio/VhsPlayer/VhsFastReverseStart.uasset" 182
"../../../../../2021-yr1-NoClue-INC/Content/HorrorEngine/Audio/VhsPlayer/VhsInsert01.uasset" 183
"../../../../../2021-yr1-NoClue-INC/Content/HorrorEngine/Audio/VhsPlayer/VhsInsert02.uasset" 184
"../../../../../2021-yr1-NoClue-INC/Content/HorrorEngine/Audio/VhsPlayer/VhsInsert03.uasset" 185
"../../../../../2021-yr1-NoClue-INC/Content/HorrorEngine/Audio/VhsPlayer/VhsPlayerOff01.uasset" 186
"../../../../../2021-yr1-NoClue-INC/Content/HorrorEngine/Audio/VhsPlayer/VhsPlayerOff02.uasset" 187
"../../../../../2021-yr1-NoClue-INC/Content/HorrorEngine/Audio/VhsPlayer/VhsPlayerOff03.uasset" 188
"../../../../../2021-yr1-NoClue-INC/Content/HorrorEngine/Audio/VhsPlayer/VhsPlayerOn01.uasset" 189
"../../../../../2021-yr1-NoClue-INC/Content/HorrorEngine/Audio/VhsPlayer/VhsPlayerOn02.uasset" 190
"../../../../../2021-yr1-NoClue-INC/Content/HorrorEngine/Audio/VhsPlayer/VhsPlayerOn03.uasset" 191
"../../../../../2021-yr1-NoClue-INC/Content/HorrorEngine/Audio/VhsPlayer/VhsPlayLoop.uasset" 192
"../../../../../2021-yr1-NoClue-INC/Content/HorrorEngine/Audio/VhsPlayer/VhsPlayStart.uasset" 193
"../../../../../2021-yr1-NoClue-INC/Content/HorrorEngine/Audio/Voices/Damage01.uasset" 194
"../../../../../2021-yr1-NoClue-INC/Content/HorrorEngine/Audio/Voices/Damage02.uasset" 195
"../../../../../2021-yr1-NoClue-INC/Content/HorrorEngine/Audio/Voices/Damage03.uasset" 196
"../../../../../2021-yr1-NoClue-INC/Content/HorrorEngine/Audio/Voices/Damage04.uasset" 197
"../../../../../2021-yr1-NoClue-INC/Content/HorrorEngine/Audio/Voices/Damage05.uasset" 198
"../../../../../2021-yr1-NoClue-INC/Content/HorrorEngine/Audio/Voices/Damage06.uasset" 199
"../../../../../2021-yr1-NoClue-INC/Content/HorrorEngine/Audio/Voices/Death01.uasset" 200
"../../../../../2021-yr1-NoClue-INC/Content/HorrorEngine/Audio/Voices/Death02.uasset" 201
"../../../../../2021-yr1-NoClue-INC/Content/HorrorEngine/Audio/Voices/Death03.uasset" 202
"../../../../../2021-yr1-NoClue-INC/Content/HorrorEngine/Audio/Voices/Fear01.uasset" 203
"../../../../../2021-yr1-NoClue-INC/Content/HorrorEngine/Audio/Voices/Fear02.uasset" 204
"../../../../../2021-yr1-NoClue-INC/Content/HorrorEngine/Audio/Voices/Fear03.uasset" 205
"../../../../../2021-yr1-NoClue-INC/Content/HorrorEngine/Audio/Voices/Fear04.uasset" 206
"../../../../../2021-yr1-NoClue-INC/Content/HorrorEngine/Audio/Voices/Fear05.uasset" 207
"../../../../../2021-yr1-NoClue-INC/Content/HorrorEngine/Audio/Voices/Fear06.uasset" 208
"../../../../../2021-yr1-NoClue-INC/Content/HorrorEngine/Audio/Voices/Painkiller01.uasset" 209
"../../../../../2021-yr1-NoClue-INC/Content/HorrorEngine/Audio/Voices/Painkiller02.uasset" 210
"../../../../../2021-yr1-NoClue-INC/Content/HorrorEngine/Audio/Voices/Painkiller03.uasset" 211
"../../../../../2021-yr1-NoClue-INC/Content/HorrorEngine/Audio/Voices/Painkiller04.uasset" 212
"../../../../../2021-yr1-NoClue-INC/Content/HorrorEngine/Audio/Voices/Painkiller05.uasset" 213
"../../../../../2021-yr1-NoClue-INC/Content/HorrorEngine/Audio/Weapons/PistolClipPlug.uasset" 214
"../../../../../2021-yr1-NoClue-INC/Content/HorrorEngine/Audio/Weapons/PistolClipUnPlug.uasset" 215
"../../../../../2021-yr1-NoClue-INC/Content/HorrorEngine/Audio/Weapons/PistolShot01.uasset" 216
"../../../../../2021-yr1-NoClue-INC/Content/HorrorEngine/Audio/Weapons/PistolShot02.uasset" 217
"../../../../../2021-yr1-NoClue-INC/Content/HorrorEngine/Audio/Weapons/PistolShot03.uasset" 218
"../../../../../2021-yr1-NoClue-INC/Content/HorrorEngine/Audio/Weapons/PistolShot04.uasset" 219
"../../../../../2021-yr1-NoClue-INC/Content/HorrorEngine/Audio/Weapons/PistolTopPull.uasset" 220
"../../../../../2021-yr1-NoClue-INC/Content/HorrorEngine/Audio/Weapons/PistolTopRelease.uasset" 221
"../../../Engine/Content/Animation/DefaultAnimBoneCompressionSettings.uasset" 222
"../../../../../2021-yr1-NoClue-INC/Content/Art/MonsterModel/monster_Skeleton.uasset" 223
"../../../../../2021-yr1-NoClue-INC/Content/Art/MonsterModel/MonsterLookAround.uasset" 224
"../../../../../2021-yr1-NoClue-INC/Content/Art/MonsterModel/MonsterRun.uasset" 225
"../../../../../2021-yr1-NoClue-INC/Content/Art/MonsterModel/MonsterWalk.uasset" 226
"../../../../../2021-yr1-NoClue-INC/Content/Art/MonsterModel/MonsterWalkRunBS.uasset" 227
"../../../Engine/Content/EditorBlueprintResources/StandardMacros.uasset" 228
"../../../../../2021-yr1-NoClue-INC/Content/Art/MonsterModel/MonsterSmash.uasset" 229
"../../../../../2021-yr1-NoClue-INC/Content/Art/MonsterModel/MonsterSmash_Montage.uasset" 230
"../../../../../2021-yr1-NoClue-INC/Content/Art/MonsterModel/creature1Albedo.uasset" 231
"../../../../../2021-yr1-NoClue-INC/Content/Art/MonsterModel/creature1AO.uasset" 232
"../../../../../2021-yr1-NoClue-INC/Content/Art/MonsterModel/creature1Normal.uasset" 233
"../../../../../2021-yr1-NoClue-INC/Content/Art/MonsterModel/creature1Specular.uasset" 234
"../../../../../2021-yr1-NoClue-INC/Content/Art/MonsterModel/Mat.uasset" 235
"../../../../../2021-yr1-NoClue-INC/Content/Art/MonsterModel/monster_PhysicsAsset.uasset" 236
"../../../../../2021-yr1-NoClue-INC/Content/Art/MonsterModel/monster.uasset" 237
"../../../../../2021-yr1-NoClue-INC/Content/Audio/chase.uasset" 238
"../../../../../2021-yr1-NoClue-INC/Content/HorrorEngine/Blueprints/AI/AI.uasset" 239
"../../../../../2021-yr1-NoClue-INC/Content/Art/MonsterModel/MonsterAnim_BP.uasset" 240
"../../../../../2021-yr1-NoClue-INC/Content/HorrorEngine/Blueprints/Structures/HorrorEvent/HE_ActorTransformsSeq.uasset" 241
"../../../../../2021-yr1-NoClue-INC/Content/HorrorEngine/Blueprints/Structures/HorrorEvent/HE_ActorTransforms.uasset" 242
"../../../../../2021-yr1-NoClue-INC/Content/HorrorEngine/Blueprints/Structures/SetMesh/SM_Color.uasset" 243
"../../../../../2021-yr1-NoClue-INC/Content/HorrorEngine/Blueprints/Structures/SetMesh/SM_Emissive.uasset" 244
"../../../../../2021-yr1-NoClue-INC/Content/HorrorEngine/Blueprints/Structures/SetMesh/SM_Texture.uasset" 245
"../../../../../2021-yr1-NoClue-INC/Content/HorrorEngine/Blueprints/Structures/SetMesh/SM_Material.uasset" 246
"../../../../../2021-yr1-NoClue-INC/Content/HorrorEngine/Blueprints/Structures/SetMesh/SetMesh.uasset" 247
"../../../../../2021-yr1-NoClue-INC/Content/HorrorEngine/Blueprints/Core/CameroidInput.uasset" 248
"../../../../../2021-yr1-NoClue-INC/Content/HorrorEngine/Textures/Empty_Normal.uasset" 249
"../../../../../2021-yr1-NoClue-INC/Content/HorrorEngine/Textures/Empty_White.uasset" 250
"../../../../../2021-yr1-NoClue-INC/Content/HorrorEngine/Materials/HE_MasterMaterial.uasset" 251
"../../../../../2021-yr1-NoClue-INC/Content/HorrorEngine/Textures/Diary.uasset" 252
"../../../../../2021-yr1-NoClue-INC/Content/HorrorEngine/Textures/DiaryNormal.uasset" 253
"../../../../../2021-yr1-NoClue-INC/Content/HorrorEngine/Materials/MaterialInstances/HE_Diary.uasset" 254
"../../../../../2021-yr1-NoClue-INC/Content/HorrorEngine/Audio/SFX/DiaryUpdate_Cue.uasset" 255
"../../../../../2021-yr1-NoClue-INC/Content/HorrorEngine/Blueprints/Structures/ButtonSettings.uasset" 256
"../../../../../2021-yr1-NoClue-INC/Content/HorrorEngine/Blueprints/Structures/InspectionSettings.uasset" 257
"../../../../../2021-yr1-NoClue-INC/Content/HorrorEngine/Blueprints/Enums/StorageTypeEnum.uasset" 258
"../../../../../2021-yr1-NoClue-INC/Content/HorrorEngine/Blueprints/Structures/InventorySettings.uasset" 259
"../../../../../2021-yr1-NoClue-INC/Content/HorrorEngine/Blueprints/Enums/OldTvSource.uasset" 260
"../../../../../2021-yr1-NoClue-INC/Content/HorrorEngine/Blueprints/Structures/SaveStructures/AssetsSave.uasset" 261
"../../../../../2021-yr1-NoClue-INC/Content/HorrorEngine/Blueprints/Core/HorrorEngineInterface.uasset" 262
"../../../../../2021-yr1-NoClue-INC/Content/HorrorEngine/Audio/_ATT_Profiles/ATT_General.uasset" 263
"../../../../../2021-yr1-NoClue-INC/Content/HorrorEngine/Audio/DoorsAndFurnitures/Creak_Cue.uasset" 264
"../../../../../2021-yr1-NoClue-INC/Content/HorrorEngine/Audio/DoorsAndFurnitures/Lock_Cue.uasset" 265
"../../../../../2021-yr1-NoClue-INC/Content/HorrorEngine/Audio/DoorsAndFurnitures/Unlock_Cue.uasset" 266
"../../../../../2021-yr1-NoClue-INC/Content/HorrorEngine/Audio/DoorsAndFurnitures/WoodenHit_Cue.uasset" 267
"../../../../../2021-yr1-NoClue-INC/Content/HorrorEngine/Blueprints/Enums/HorrorEventCheck.uasset" 268
"../../../../../2021-yr1-NoClue-INC/Content/HorrorEngine/Blueprints/Enums/InventoryFilterEnum.uasset" 269
"../../../../../2021-yr1-NoClue-INC/Content/HorrorEngine/Blueprints/Structures/HorrorEvent/HE_LoadStream.uasset" 270
"../../../../../2021-yr1-NoClue-INC/Content/HorrorEngine/Blueprints/Structures/HorrorEvent/HE_OpenLevel.uasset" 271
"../../../../../2021-yr1-NoClue-INC/Content/HorrorEngine/Blueprints/Structures/HorrorEvent/HE_UnloadStream.uasset" 272
"../../../../../2021-yr1-NoClue-INC/Content/HorrorEngine/Blueprints/Structures/HorrorEvent/HE_Levels.uasset" 273
"../../../../../2021-yr1-NoClue-INC/Content/HorrorEngine/Blueprints/Structures/HorrorEvent/HE_DamageOpt.uasset" 274
"../../../../../2021-yr1-NoClue-INC/Content/HorrorEngine/Blueprints/Structures/HorrorEvent/HE_Damage.uasset" 275
"../../../../../2021-yr1-NoClue-INC/Content/HorrorEngine/Blueprints/Enums/HE_EquipLight.uasset" 276
"../../../../../2021-yr1-NoClue-INC/Content/HorrorEngine/Blueprints/Enums/HE_EquipWeapon.uasset" 277
"../../../../../2021-yr1-NoClue-INC/Content/HorrorEngine/Blueprints/Structures/HorrorEvent/HE_Equip.uasset" 278
"../../../../../2021-yr1-NoClue-INC/Content/HorrorEngine/Blueprints/Structures/HorrorEvent/HE_Fear.uasset" 279
"../../../../../2021-yr1-NoClue-INC/Content/HorrorEngine/Blueprints/Structures/HorrorEvent/HE_Glitch.uasset" 280
"../../../../../2021-yr1-NoClue-INC/Content/HorrorEngine/Blueprints/Structures/HorrorEvent/HE_LookAtActorSeq.uasset" 281
"../../../../../2021-yr1-NoClue-INC/Content/HorrorEngine/Blueprints/Structures/HorrorEvent/HE_LookAtActor.uasset" 282
"../../../../../2021-yr1-NoClue-INC/Content/HorrorEngine/Blueprints/Structures/HorrorEvent/HE_Player.uasset" 283
"../../../../../2021-yr1-NoClue-INC/Content/HorrorEngine/Blueprints/Structures/HorrorEvent/HE_UpdateQuest.uasset" 284
"../../../../../2021-yr1-NoClue-INC/Content/HorrorEngine/Blueprints/Structures/HorrorEvent/HE_Quests.uasset" 285
"../../../../../2021-yr1-NoClue-INC/Content/HorrorEngine/Blueprints/Structures/HorrorEvent/HE_2DSound.uasset" 286
"../../../../../2021-yr1-NoClue-INC/Content/HorrorEngine/Blueprints/Structures/HorrorEvent/HE_3DSound.uasset" 287
"../../../../../2021-yr1-NoClue-INC/Content/HorrorEngine/Blueprints/Structures/HorrorEvent/HE_AmbientSound.uasset" 288
"../../../../../2021-yr1-NoClue-INC/Content/HorrorEngine/Blueprints/Structures/HorrorEvent/HE_StopAmbientSound.uasset" 289
"../../../../../2021-yr1-NoClue-INC/Content/HorrorEngine/Blueprints/Structures/HorrorEvent/HE_Sounds.uasset" 290
"../../../../../2021-yr1-NoClue-INC/Content/HorrorEngine/Blueprints/Structures/HorrorEvent/HE_SubtitleSub.uasset" 291
"../../../../../2021-yr1-NoClue-INC/Content/HorrorEngine/Blueprints/Structures/HorrorEvent/HE_Subtitle.uasset" 292
"../../../../../2021-yr1-NoClue-INC/Content/HorrorEngine/Blueprints/Structures/HorrorEvent/HE_SubtitleSeq.uasset" 293
"../../../../../2021-yr1-NoClue-INC/Content/HorrorEngine/Blueprints/Structures/HorrorEvent/HE_Subtitles.uasset" 294
"../../../../../2021-yr1-NoClue-INC/Content/HorrorEngine/Blueprints/Structures/HorrorEvent/HorrorEvent.uasset" 295
"../../../../../2021-yr1-NoClue-INC/Content/HorrorEngine/Blueprints/Structures/HorrorEvent/HorrorEventsMaster.uasset" 296
"../../../../../2021-yr1-NoClue-INC/Content/HorrorEngine/Audio/_PhysicalMaterials/Wood.uasset" 297
"../../../../../2021-yr1-NoClue-INC/Content/HorrorEngine/Textures/DarkWood.uasset" 298
"../../../../../2021-yr1-NoClue-INC/Content/HorrorEngine/Textures/DarkWood_Normal.uasset" 299
"../../../../../2021-yr1-NoClue-INC/Content/HorrorEngine/Textures/T_Patina_Metal_D.uasset" 300
"../../../../../2021-yr1-NoClue-INC/Content/HorrorEngine/Materials/MaterialInstances/HE_WoodGray.uasset" 301
"../../../../../2021-yr1-NoClue-INC/Content/HorrorEngine/Meshes/CabinetBase.uasset" 302
"../../../../../2021-yr1-NoClue-INC/Content/HorrorEngine/Meshes/CabinetDoor.uasset" 303
"../../../../../2021-yr1-NoClue-INC/Content/HorrorEngine/Audio/_PhysicalMaterials/Metal.uasset" 304
"../../../../../2021-yr1-NoClue-INC/Content/HorrorEngine/Textures/T_MacroVariation.uasset" 305
"../../../../../2021-yr1-NoClue-INC/Content/HorrorEngine/Materials/MaterialInstances/HE_MetalRust.uasset" 306
"../../../../../2021-yr1-NoClue-INC/Content/HorrorEngine/Meshes/CabinetHandle.uasset" 307
"../../../../../2021-yr1-NoClue-INC/Content/HorrorEngine/Meshes/DoorFrame.uasset" 308
"../../../../../2021-yr1-NoClue-INC/Content/HorrorEngine/Meshes/Lock.uasset" 309
"../../../../../2021-yr1-NoClue-INC/Content/HorrorEngine/Meshes/LockFrame.uasset" 310
"../../../../../2021-yr1-NoClue-INC/Content/HorrorEngine/Textures/HE_Pivot.uasset" 311
"../../../../../2021-yr1-NoClue-INC/Content/HorrorEngine/Materials/MaterialInstances/HE_Pivot.uasset" 312
"../../../../../2021-yr1-NoClue-INC/Content/HorrorEngine/Meshes/Pivot.uasset" 313
"../../../../../2021-yr1-NoClue-INC/Content/HorrorEngine/Blueprints/UsableAssets/DoorsAndFurnitures/Cabinet.uasset" 314
"../../../../../2021-yr1-NoClue-INC/Content/HorrorEngine/Audio/DoorsAndFurnitures/DoorCreak_Cue.uasset" 315
"../../../../../2021-yr1-NoClue-INC/Content/HorrorEngine/Audio/DoorsAndFurnitures/DoorHit_Cue.uasset" 316
"../../../../../2021-yr1-NoClue-INC/Content/HorrorEngine/Audio/DoorsAndFurnitures/DoorKnocking_Cue.uasset" 317
"../../../../../2021-yr1-NoClue-INC/Content/HorrorEngine/Audio/DoorsAndFurnitures/HandleOpen_Cue.uasset" 318
"../../../../../2021-yr1-NoClue-INC/Content/HorrorEngine/Audio/DoorsAndFurnitures/HandleRelease_Cue.uasset" 319
"../../../../../2021-yr1-NoClue-INC/Content/HorrorEngine/Meshes/Door.uasset" 320
"../../../../../2021-yr1-NoClue-INC/Content/HorrorEngine/Meshes/DoorHandle.uasset" 321
"../../../../../2021-yr1-NoClue-INC/Content/HorrorEngine/Meshes/DoorHandleBase.uasset" 322
"../../../../../2021-yr1-NoClue-INC/Content/HorrorEngine/Meshes/SliderLock.uasset" 323
"../../../../../2021-yr1-NoClue-INC/Content/HorrorEngine/Meshes/SliderLockBase.uasset" 324
"../../../../../2021-yr1-NoClue-INC/Content/HorrorEngine/Meshes/SliderLockPart.uasset" 325
"../../../../../2021-yr1-NoClue-INC/Content/HorrorEngine/Blueprints/UsableAssets/DoorsAndFurnitures/Door.uasset" 326
"../../../../../2021-yr1-NoClue-INC/Content/HorrorEngine/Audio/DoorsAndFurnitures/DrawerClose_Cue.uasset" 327
"../../../../../2021-yr1-NoClue-INC/Content/HorrorEngine/Audio/DoorsAndFurnitures/DrawerOpen_Cue.uasset" 328
"../../../../../2021-yr1-NoClue-INC/Content/HorrorEngine/Meshes/Drawer.uasset" 329
"../../../../../2021-yr1-NoClue-INC/Content/HorrorEngine/Blueprints/UsableAssets/DoorsAndFurnitures/Drawer.uasset" 330
"../../../../../2021-yr1-NoClue-INC/Content/HorrorEngine/Audio/_PhysicalMaterials/Tile.uasset" 331
"../../../../../2021-yr1-NoClue-INC/Content/HorrorEngine/Materials/HE_Glass.uasset" 332
"../../../../../2021-yr1-NoClue-INC/Content/HorrorEngine/Materials/MaterialInstances/HE_SlidingDoor.uasset" 333
"../../../../../2021-yr1-NoClue-INC/Content/HorrorEngine/Meshes/SlidingDoor.uasset" 334
"../../../../../2021-yr1-NoClue-INC/Content/HorrorEngine/Meshes/SlidingDoorFrame.uasset" 335
"../../../../../2021-yr1-NoClue-INC/Content/HorrorEngine/Materials/MaterialInstances/HE_PlasticBlack.uasset" 336
"../../../../../2021-yr1-NoClue-INC/Content/HorrorEngine/Meshes/SlidingDoorHandleBase.uasset" 337
"../../../../../2021-yr1-NoClue-INC/Content/HorrorEngine/Blueprints/UsableAssets/DoorsAndFurnitures/SlidingDoor.uasset" 338
"../../../../../2021-yr1-NoClue-INC/Content/HorrorEngine/Textures/T_Metal_Aluminum_D.uasset" 339
"../../../../../2021-yr1-NoClue-INC/Content/HorrorEngine/Materials/MaterialInstances/HE_Metal.uasset" 340
"../../../../../2021-yr1-NoClue-INC/Content/HorrorEngine/Audio/Environment/TakeKey_Cue.uasset" 341
"../../../../../2021-yr1-NoClue-INC/Content/HorrorEngine/Blueprints/Enums/InventoryActors.uasset" 342
"../../../../../2021-yr1-NoClue-INC/Content/HorrorEngine/Meshes/Key.uasset" 343
"../../../../../2021-yr1-NoClue-INC/Content/HorrorEngine/Textures/HUD/Icon_Key.uasset" 344
"../../../../../2021-yr1-NoClue-INC/Content/HorrorEngine/Textures/HUD/Input_E.uasset" 345
"../../../../../2021-yr1-NoClue-INC/Content/HorrorEngine/Textures/HUD/Input_MouseLeft.uasset" 346
"../../../../../2021-yr1-NoClue-INC/Content/HorrorEngine/Textures/HUD/Input_MouseMiddle.uasset" 347
"../../../../../2021-yr1-NoClue-INC/Content/HorrorEngine/Textures/HUD/Input_MouseRight.uasset" 348
"../../../../../2021-yr1-NoClue-INC/Content/HorrorEngine/Textures/HUD/Input_MouseRightAndMiddle.uasset" 349
"../../../../../2021-yr1-NoClue-INC/Content/HorrorEngine/Blueprints/UsableAssets/Inventory/Key.uasset" 350
"../../../../../2021-yr1-NoClue-INC/Content/HorrorEngine/Textures/Keycard.uasset" 351
"../../../../../2021-yr1-NoClue-INC/Content/HorrorEngine/Textures/T_Metal_Steel_D.uasset" 352
"../../../../../2021-yr1-NoClue-INC/Content/HorrorEngine/Materials/MaterialInstances/HE_Keycard.uasset" 353
"../../../../../2021-yr1-NoClue-INC/Content/HorrorEngine/Audio/Environment/PickUp_Cue.uasset" 354
"../../../../../2021-yr1-NoClue-INC/Content/HorrorEngine/Meshes/Keycard.uasset" 355
"../../../../../2021-yr1-NoClue-INC/Content/HorrorEngine/Textures/HUD/Icon_Keycard.uasset" 356
"../../../../../2021-yr1-NoClue-INC/Content/HorrorEngine/Blueprints/UsableAssets/Inventory/Keycard.uasset" 357
"../../../Engine/Content/EngineMaterials/DefaultDiffuse.uasset" 358
"../../../Engine/Content/Functions/Engine_MaterialFunctions01/Texturing/TextureCropping.uasset" 359
"../../../Engine/Content/Functions/Engine_MaterialFunctions02/Utility/BreakOutFloat2Components.uasset" 360
"../../../Engine/Content/Functions/Engine_MaterialFunctions01/Texturing/ComputeMipLevel.uasset" 361
"../../../Engine/Content/Functions/Engine_MaterialFunctions02/ExampleContent/DebugNumberStrip.uasset" 362
"../../../Engine/Content/Functions/Engine_MaterialFunctions02/ExampleContent/Textures/DebugNumberPeriod.uasset" 363
"../../../Engine/Content/Functions/Engine_MaterialFunctions02/Utility/DebugScalarValues.uasset" 364
"../../../Engine/Content/Functions/Engine_MaterialFunctions02/Utility/DebugFloat2Values.uasset" 365
"../../../Engine/Content/Functions/Engine_MaterialFunctions02/ExampleContent/Textures/flipbook.uasset" 366
"../../../Engine/Content/Functions/Engine_MaterialFunctions02/Texturing/FlipBook.uasset" 367
"../../../Engine/Content/Functions/Engine_MaterialFunctions02/Utility/Sign.uasset" 368
"../../../Engine/Content/Functions/Engine_MaterialFunctions02/Utility/Round.uasset" 369
"../../../../../2021-yr1-NoClue-INC/Content/HorrorEngine/Textures/ScreenNoise.uasset" 370
"../../../../../2021-yr1-NoClue-INC/Content/HorrorEngine/Materials/He_Noise.uasset" 371
"../../../Engine/Content/EditorMaterials/TargetIcon.uasset" 372
"../../../Engine/Content/Functions/Engine_MaterialFunctions01/Texturing/SpiralBlur-Texture.uasset" 373
"../../../../../2021-yr1-NoClue-INC/Content/HorrorEngine/Materials/He_NoiseGlow.uasset" 374
"../../../../../2021-yr1-NoClue-INC/Content/HorrorEngine/Textures/OldTv.uasset" 375
"../../../../../2021-yr1-NoClue-INC/Content/HorrorEngine/Textures/OldTvEmissive.uasset" 376
"../../../../../2021-yr1-NoClue-INC/Content/HorrorEngine/Textures/OldTvMetallic.uasset" 377
"../../../../../2021-yr1-NoClue-INC/Content/HorrorEngine/Textures/OldTvNormal.uasset" 378
"../../../../../2021-yr1-NoClue-INC/Content/HorrorEngine/Materials/HE_OldTv.uasset" 379
"../../../../../2021-yr1-NoClue-INC/Content/HorrorEngine/Textures/VhsBlankScreen.uasset" 380
"../../../../../2021-yr1-NoClue-INC/Content/HorrorEngine/Materials/He_VhsBlankScreen.uasset" 381
"../../../../../2021-yr1-NoClue-INC/Content/HorrorEngine/Materials/He_VhsBlankScreenGlow.uasset" 382
"../../../../../2021-yr1-NoClue-INC/Content/HorrorEngine/Media/VHS_MediaPlayer.uasset" 383
"../../../../../2021-yr1-NoClue-INC/Content/HorrorEngine/Media/VHS_Texture.uasset" 384
"../../../../../2021-yr1-NoClue-INC/Content/HorrorEngine/Media/VhsMedia.uasset" 385
"../../../../../2021-yr1-NoClue-INC/Content/HorrorEngine/Materials/MaterialInstances/HE_OldTvScreen.uasset" 386
"../../../../../2021-yr1-NoClue-INC/Content/HorrorEngine/Materials/HE_VhsGlow.uasset" 387
"../../../../../2021-yr1-NoClue-INC/Content/HorrorEngine/Materials/MaterialInstances/HE_VhsGlowBlue.uasset" 388
"../../../../../2021-yr1-NoClue-INC/Content/HorrorEngine/Materials/MaterialInstances/HE_VhsGlowGreen.uasset" 389
"../../../../../2021-yr1-NoClue-INC/Content/HorrorEngine/Materials/MaterialInstances/HE_VhsGlowRed.uasset" 390
"../../../../../2021-yr1-NoClue-INC/Content/HorrorEngine/Blueprints/Widgets/FullscreenMediaWB.uasset" 391
"../../../../../2021-yr1-NoClue-INC/Content/HorrorEngine/Audio/_ATT_Profiles/ATT_TV.uasset" 392
"../../../../../2021-yr1-NoClue-INC/Content/HorrorEngine/Audio/Button/ButtonOff_Cue.uasset" 393
"../../../../../2021-yr1-NoClue-INC/Content/HorrorEngine/Audio/Button/ButtonOn_Cue.uasset" 394
"../../../../../2021-yr1-NoClue-INC/Content/HorrorEngine/Audio/VhsPlayer/TvNoise_Cue.uasset" 395
"../../../../../2021-yr1-NoClue-INC/Content/HorrorEngine/Blueprints/Enums/TransfromType.uasset" 396
"../../../../../2021-yr1-NoClue-INC/Content/HorrorEngine/Meshes/OldTv.uasset" 397
"../../../../../2021-yr1-NoClue-INC/Content/HorrorEngine/Meshes/OldTvButton.uasset" 398
"../../../../../2021-yr1-NoClue-INC/Content/HorrorEngine/Textures/OldTvEmissiveS.uasset" 399
"../../../../../2021-yr1-NoClue-INC/Content/HorrorEngine/Blueprints/UsableAssets/Electronics/OldTv.uasset" 400
"../../../../../2021-yr1-NoClue-INC/Content/HorrorEngine/Textures/Empty_Black.uasset" 401
"../../../../../2021-yr1-NoClue-INC/Content/HorrorEngine/Textures/VhsPlayer.uasset" 402
"../../../../../2021-yr1-NoClue-INC/Content/HorrorEngine/Textures/VhsPlayerMetallic.uasset" 403
"../../../../../2021-yr1-NoClue-INC/Content/HorrorEngine/Textures/VhsPlayerNormal.uasset" 404
"../../../../../2021-yr1-NoClue-INC/Content/HorrorEngine/Materials/HE_VhsPlayer.uasset" 405
"../../../../../2021-yr1-NoClue-INC/Content/HorrorEngine/Audio/VhsPlayer/TapeEject_Cue.uasset" 406
"../../../../../2021-yr1-NoClue-INC/Content/HorrorEngine/Audio/VhsPlayer/TapeInsert_Cue.uasset" 407
"../../../../../2021-yr1-NoClue-INC/Content/HorrorEngine/Audio/VhsPlayer/VhsEject_Cue.uasset" 408
"../../../../../2021-yr1-NoClue-INC/Content/HorrorEngine/Audio/VhsPlayer/VhsFastReverse_Cue.uasset" 409
"../../../../../2021-yr1-NoClue-INC/Content/HorrorEngine/Audio/VhsPlayer/VhsFastReverseEnd_Cue.uasset" 410
"../../../../../2021-yr1-NoClue-INC/Content/HorrorEngine/Audio/VhsPlayer/VhsInsert_Cue.uasset" 411
"../../../../../2021-yr1-NoClue-INC/Content/HorrorEngine/Audio/VhsPlayer/VhsPlay_Cue.uasset" 412
"../../../../../2021-yr1-NoClue-INC/Content/HorrorEngine/Audio/VhsPlayer/VhsPlayerOff_Cue.uasset" 413
"../../../../../2021-yr1-NoClue-INC/Content/HorrorEngine/Audio/VhsPlayer/VhsPlayerOn_Cue.uasset" 414
"../../../../../2021-yr1-NoClue-INC/Content/HorrorEngine/Textures/VHS_Empty.uasset" 415
"../../../../../2021-yr1-NoClue-INC/Content/HorrorEngine/Textures/VHS_Normal.uasset" 416
"../../../../../2021-yr1-NoClue-INC/Content/HorrorEngine/Materials/MaterialInstances/HE_VHS.uasset" 417
"../../../../../2021-yr1-NoClue-INC/Content/HorrorEngine/Meshes/VHS.uasset" 418
"../../../../../2021-yr1-NoClue-INC/Content/HorrorEngine/Meshes/VhsPlayer.uasset" 419
"../../../../../2021-yr1-NoClue-INC/Content/HorrorEngine/Meshes/VhsPlayerButton.uasset" 420
"../../../../../2021-yr1-NoClue-INC/Content/HorrorEngine/Materials/HE_VhsPlayerPart.uasset" 421
"../../../../../2021-yr1-NoClue-INC/Content/HorrorEngine/Meshes/VhsPlayerPart.uasset" 422
"../../../../../2021-yr1-NoClue-INC/Content/HorrorEngine/Textures/VhsPlayerEmissivePlay.uasset" 423
"../../../../../2021-yr1-NoClue-INC/Content/HorrorEngine/Textures/VhsPlayerEmissiveReady.uasset" 424
"../../../../../2021-yr1-NoClue-INC/Content/HorrorEngine/Textures/VhsPlayerEmissiveRew.uasset" 425
"../../../../../2021-yr1-NoClue-INC/Content/HorrorEngine/Textures/VhsPlayerEmissiveStandBy.uasset" 426
"../../../../../2021-yr1-NoClue-INC/Content/HorrorEngine/Textures/VhsPlayerEmissiveStop.uasset" 427
"../../../../../2021-yr1-NoClue-INC/Content/HorrorEngine/Textures/VhsPlayerEmissiveWait.uasset" 428
"../../../../../2021-yr1-NoClue-INC/Content/HorrorEngine/Blueprints/UsableAssets/Electronics/VhsPlayer.uasset" 429
"../../../../../2021-yr1-NoClue-INC/Content/HorrorEngine/Textures/HUD/Icon_VHS.uasset" 430
"../../../../../2021-yr1-NoClue-INC/Content/HorrorEngine/Blueprints/UsableAssets/Inventory/VHS.uasset" 431
"../../../../../2021-yr1-NoClue-INC/Content/HorrorEngine/Blueprints/Widgets/Fonts/HorrorEngineBold.uasset" 432
"../../../../../2021-yr1-NoClue-INC/Content/HorrorEngine/Blueprints/Widgets/Fonts/HorrorEngineRegular.uasset" 433
"../../../../../2021-yr1-NoClue-INC/Content/HorrorEngine/Blueprints/Widgets/Fonts/HorrorEngine.uasset" 434
"../../../../../2021-yr1-NoClue-INC/Content/HorrorEngine/Textures/HUD/InventoryCapture.uasset" 435
"../../../../../2021-yr1-NoClue-INC/Content/HorrorEngine/Textures/HUD/InventoryCapture_Mat.uasset" 436
"../../../../../2021-yr1-NoClue-INC/Content/HorrorEngine/Blueprints/Widgets/SubWidgets/InformationTextWB.uasset" 437
"../../../../../2021-yr1-NoClue-INC/Content/HorrorEngine/Textures/HUD/NextItem.uasset" 438
"../../../../../2021-yr1-NoClue-INC/Content/HorrorEngine/Blueprints/Widgets/SubWidgets/ItemWB.uasset" 439
"../../../../../2021-yr1-NoClue-INC/Content/HorrorEngine/Textures/HUD/SelectedItem.uasset" 440
"../../../../../2021-yr1-NoClue-INC/Content/HorrorEngine/Blueprints/Widgets/SubWidgets/InventoryWB.uasset" 441
"../../../../../2021-yr1-NoClue-INC/Content/HorrorEngine/Blueprints/Widgets/SubWidgets/ReadingWB.uasset" 442
"../../../../../2021-yr1-NoClue-INC/Content/HorrorEngine/Blueprints/Widgets/SubWidgets/ButtonWB.uasset" 443
"../../../../../2021-yr1-NoClue-INC/Content/HorrorEngine/Textures/HUD/Icon_Flashlight.uasset" 444
"../../../../../2021-yr1-NoClue-INC/Content/HorrorEngine/Textures/HUD/Icon_GlowstickHud.uasset" 445
"../../../../../2021-yr1-NoClue-INC/Content/HorrorEngine/Textures/HUD/Icon_Lighter.uasset" 446
"../../../../../2021-yr1-NoClue-INC/Content/HorrorEngine/Textures/HUD/Icon_Torch.uasset" 447
"../../../../../2021-yr1-NoClue-INC/Content/HorrorEngine/Blueprints/Widgets/SubWidgets/EquipmentWB.uasset" 448
"../../../../../2021-yr1-NoClue-INC/Content/HorrorEngine/Textures/HUD/Icon_Health.uasset" 449
"../../../../../2021-yr1-NoClue-INC/Content/HorrorEngine/Blueprints/Widgets/SubWidgets/HealthWB.uasset" 450
"../../../../../2021-yr1-NoClue-INC/Content/HorrorEngine/Textures/HUD/SubtitleBG.uasset" 451
"../../../../../2021-yr1-NoClue-INC/Content/HorrorEngine/Blueprints/Widgets/SubWidgets/SubtitleTextWB.uasset" 452
"../../../../../2021-yr1-NoClue-INC/Content/HorrorEngine/Blueprints/Widgets/InteractionWB.uasset" 453
"../../../../../2021-yr1-NoClue-INC/Content/HorrorEngine/Meshes/Diary.uasset" 454
"../../../../../2021-yr1-NoClue-INC/Content/HorrorEngine/Textures/HUD/Icon_Diary.uasset" 455
"../../../../../2021-yr1-NoClue-INC/Content/HorrorEngine/Textures/HUD/Input_Space.uasset" 456
"../../../../../2021-yr1-NoClue-INC/Content/HorrorEngine/Blueprints/Core/Diary.uasset" 457
"../../../../../2021-yr1-NoClue-INC/Content/HorrorEngine/Blueprints/Structures/SaveStructures/AmbientSoundsSave.uasset" 458
"../../../../../2021-yr1-NoClue-INC/Content/HorrorEngine/Blueprints/Structures/SaveStructures/HorrorEventsSave.uasset" 459
"../../../../../2021-yr1-NoClue-INC/Content/HorrorEngine/Blueprints/Structures/SaveStructures/PhysicsSave.uasset" 460
"../../../../../2021-yr1-NoClue-INC/Content/HorrorEngine/Blueprints/Structures/SaveStructures/PlayerSave.uasset" 461
"../../../../../2021-yr1-NoClue-INC/Content/HorrorEngine/Blueprints/Structures/SaveStructures/StreamingSave.uasset" 462
"../../../../../2021-yr1-NoClue-INC/Content/HorrorEngine/Blueprints/Core/HE_SaveGame.uasset" 463
"../../../../../2021-yr1-NoClue-INC/Content/HorrorEngine/Blueprints/Core/HeadShakeLanded.uasset" 464
"../../../../../2021-yr1-NoClue-INC/Content/HorrorEngine/Blueprints/Core/HeadShakeWalking.uasset" 465
"../../../../../2021-yr1-NoClue-INC/Content/HorrorEngine/Textures/CameroidPhotoBase.uasset" 466
"../../../../../2021-yr1-NoClue-INC/Content/HorrorEngine/Materials/MaterialInstances/He_CameroidPhotoBase.uasset" 467
"../../../../../2021-yr1-NoClue-INC/Content/HorrorEngine/Materials/MaterialInstances/He_CameroidPhotoFrame.uasset" 468
"../../../../../2021-yr1-NoClue-INC/Content/HorrorEngine/Audio/Paper/Paper06.uasset" 469
"../../../../../2021-yr1-NoClue-INC/Content/HorrorEngine/Audio/Paper/Paper07.uasset" 470
"../../../../../2021-yr1-NoClue-INC/Content/HorrorEngine/Meshes/CameroidPhoto.uasset" 471
"../../../../../2021-yr1-NoClue-INC/Content/HorrorEngine/Textures/SamplePhoto08.uasset" 472
"../../../../../2021-yr1-NoClue-INC/Content/HorrorEngine/Blueprints/UsableAssets/Inventory/CameroidPhotoStatic.uasset" 473
"../../../../../2021-yr1-NoClue-INC/Content/HorrorEngine/Audio/Paper/CameroidPaper_Cue.uasset" 474
"../../../../../2021-yr1-NoClue-INC/Content/HorrorEngine/Textures/HUD/Icon_CameroidAlbum.uasset" 475
"../../../../../2021-yr1-NoClue-INC/Content/HorrorEngine/Blueprints/Core/PhotoAlbum.uasset" 476
"../../../../../2021-yr1-NoClue-INC/Content/HorrorEngine/Blueprints/Structures/PhysicsSettingsStr.uasset" 477
"../../../../../2021-yr1-NoClue-INC/Content/HorrorEngine/Audio/_ATT_Profiles/ATT_PhysicsHit.uasset" 478
"../../../../../2021-yr1-NoClue-INC/Content/HorrorEngine/Audio/Environment/Ball_Cue.uasset" 479
"../../../../../2021-yr1-NoClue-INC/Content/HorrorEngine/Blueprints/Core/PhysicsObject.uasset" 480
"../../../../../2021-yr1-NoClue-INC/Content/HorrorEngine/Blueprints/Core/HeadShakeLadder.uasset" 481
"../../../Engine/Content/EngineFonts/RobotoDistanceField.uasset" 482
"../../../../../2021-yr1-NoClue-INC/Content/HorrorEngine/Materials/HE_EmissiveText.uasset" 483
"../../../../../2021-yr1-NoClue-INC/Content/HorrorEngine/Audio/Footsteps/Metal_Cue.uasset" 484
"../../../../../2021-yr1-NoClue-INC/Content/HorrorEngine/Textures/T_Slums_Metal_Rust_03_D.uasset" 485
"../../../../../2021-yr1-NoClue-INC/Content/HorrorEngine/Textures/T_Slums_Metal_Rust_03_N.uasset" 486
"../../../../../2021-yr1-NoClue-INC/Content/HorrorEngine/Materials/MaterialInstances/HE_MetalBronze.uasset" 487
"../../../../../2021-yr1-NoClue-INC/Content/HorrorEngine/Meshes/LadderBottom.uasset" 488
"../../../../../2021-yr1-NoClue-INC/Content/HorrorEngine/Meshes/LadderConnect.uasset" 489
"../../../../../2021-yr1-NoClue-INC/Content/HorrorEngine/Meshes/LadderMiddle.uasset" 490
"../../../../../2021-yr1-NoClue-INC/Content/HorrorEngine/Meshes/LadderTop.uasset" 491
"../../../../../2021-yr1-NoClue-INC/Content/HorrorEngine/Blueprints/UsableAssets/DoorsAndFurnitures/LadderAdvanced.uasset" 492
"../../../../../2021-yr1-NoClue-INC/Content/HorrorEngine/Blueprints/UsableAssets/Inventory/CameroidPhotoDeveloped.uasset" 493
"../../../../../2021-yr1-NoClue-INC/Content/HorrorEngine/Textures/GlowStick.uasset" 494
"../../../../../2021-yr1-NoClue-INC/Content/HorrorEngine/Textures/GlowStickNormal.uasset" 495
"../../../../../2021-yr1-NoClue-INC/Content/HorrorEngine/Materials/MaterialInstances/HE_Glowstick.uasset" 496
"../../../../../2021-yr1-NoClue-INC/Content/HorrorEngine/Materials/MaterialInstances/HE_GlowstickLight.uasset" 497
"../../../../../2021-yr1-NoClue-INC/Content/HorrorEngine/Audio/Environment/NewGlowstick_Cue.uasset" 498
"../../../../../2021-yr1-NoClue-INC/Content/HorrorEngine/Meshes/GlowStick.uasset" 499
"../../../../../2021-yr1-NoClue-INC/Content/HorrorEngine/Textures/HUD/Icon_Glowstick.uasset" 500
"../../../../../2021-yr1-NoClue-INC/Content/HorrorEngine/Blueprints/UsableAssets/Inventory/Glowstick.uasset" 501
"../../../../../2021-yr1-NoClue-INC/Content/HorrorEngine/Textures/HUD/Icon_Look.uasset" 502
"../../../../../2021-yr1-NoClue-INC/Content/HorrorEngine/Blueprints/UsableAssets/PortalAndTriggers/LookTrigger.uasset" 503
"../../../../../2021-yr1-NoClue-INC/Content/HorrorEngine/Materials/HE_PistolBullet.uasset" 504
"../../../../../2021-yr1-NoClue-INC/Content/HorrorEngine/Meshes/PistolBullet.uasset" 505
"../../../../../2021-yr1-NoClue-INC/Content/HorrorEngine/Meshes/PistolBullet_BP.uasset" 506
"../../../../../2021-yr1-NoClue-INC/Content/HorrorEngine/Textures/SampleShotDecal.uasset" 507
"../../../../../2021-yr1-NoClue-INC/Content/HorrorEngine/Textures/SampleShotDecalMask.uasset" 508
"../../../../../2021-yr1-NoClue-INC/Content/HorrorEngine/Materials/He_Shot.uasset" 509
"../../../../../2021-yr1-NoClue-INC/Content/HorrorEngine/Textures/Flashlight.uasset" 510
"../../../../../2021-yr1-NoClue-INC/Content/HorrorEngine/Textures/Flashlight_Mask.uasset" 511
"../../../../../2021-yr1-NoClue-INC/Content/HorrorEngine/Materials/MaterialInstances/HE_Flashlight.uasset" 512
"../../../../../2021-yr1-NoClue-INC/Content/HorrorEngine/Textures/Pistol.uasset" 513
"../../../../../2021-yr1-NoClue-INC/Content/HorrorEngine/Textures/PistolMask.uasset" 514
"../../../../../2021-yr1-NoClue-INC/Content/HorrorEngine/Materials/MaterialInstances/HE_Pistol.uasset" 515
"../../../../../2021-yr1-NoClue-INC/Content/HorrorEngine/Textures/PistolTop.uasset" 516
"../../../../../2021-yr1-NoClue-INC/Content/HorrorEngine/Materials/MaterialInstances/HE_PistolTop.uasset" 517
"../../../../../2021-yr1-NoClue-INC/Content/HorrorEngine/Textures/TvRemote.uasset" 518
"../../../../../2021-yr1-NoClue-INC/Content/HorrorEngine/Materials/MaterialInstances/HE_TvRemote.uasset" 519
"../../../../../2021-yr1-NoClue-INC/Content/HorrorEngine/Audio/_ATT_Profiles/Dizziness.uasset" 520
"../../../../../2021-yr1-NoClue-INC/Content/HorrorEngine/Audio/Button/ClickButtonOff.uasset" 521
"../../../../../2021-yr1-NoClue-INC/Content/HorrorEngine/Audio/Button/ClickButtonOff_Cue.uasset" 522
"../../../../../2021-yr1-NoClue-INC/Content/HorrorEngine/Audio/Button/ClickButtonOn.uasset" 523
"../../../../../2021-yr1-NoClue-INC/Content/HorrorEngine/Audio/Button/ClickButtonOn_Cue.uasset" 524
"../../../../../2021-yr1-NoClue-INC/Content/HorrorEngine/Audio/Effects/Heartbeat_Cue.uasset" 525
"../../../../../2021-yr1-NoClue-INC/Content/HorrorEngine/Audio/Elecronic/CameraLowBattery.uasset" 526
"../../../../../2021-yr1-NoClue-INC/Content/HorrorEngine/Audio/Elecronic/CameraOff_Cue.uasset" 527
"../../../../../2021-yr1-NoClue-INC/Content/HorrorEngine/Audio/Elecronic/CameraOn_Cue.uasset" 528
"../../../../../2021-yr1-NoClue-INC/Content/HorrorEngine/Audio/Elecronic/CameraZoomIn_Cue.uasset" 529
"../../../../../2021-yr1-NoClue-INC/Content/HorrorEngine/Audio/Elecronic/CameraZoomOut_Cue.uasset" 530
"../../../../../2021-yr1-NoClue-INC/Content/HorrorEngine/Audio/Elecronic/CameroidShot_Cue.uasset" 531
"../../../../../2021-yr1-NoClue-INC/Content/HorrorEngine/Audio/LighterAndTorch/FireSparks_Cue.uasset" 532
"../../../../../2021-yr1-NoClue-INC/Content/HorrorEngine/Audio/LighterAndTorch/LighterClose_Cue.uasset" 533
"../../../../../2021-yr1-NoClue-INC/Content/HorrorEngine/Audio/LighterAndTorch/LighterOpen_Cue.uasset" 534
"../../../../../2021-yr1-NoClue-INC/Content/HorrorEngine/Audio/LighterAndTorch/LitTorch_Cue.uasset" 535
"../../../../../2021-yr1-NoClue-INC/Content/HorrorEngine/Audio/SFX/YouDied_Cue.uasset" 536
"../../../../../2021-yr1-NoClue-INC/Content/HorrorEngine/Audio/Weapons/PistolEquip_Cue.uasset" 537
"../../../../../2021-yr1-NoClue-INC/Content/HorrorEngine/Audio/Weapons/PistolNoAmmo_Cue.uasset" 538
"../../../../../2021-yr1-NoClue-INC/Content/HorrorEngine/Audio/Weapons/PistolReload_Cue.uasset" 539
"../../../../../2021-yr1-NoClue-INC/Content/HorrorEngine/Audio/Weapons/PistolReloadWhileEmpty_Cue.uasset" 540
"../../../../../2021-yr1-NoClue-INC/Content/HorrorEngine/Audio/Weapons/PistolShot_Cue.uasset" 541
"../../../../../2021-yr1-NoClue-INC/Content/HorrorEngine/Blueprints/Enums/FootstepActionsEnum.uasset" 542
"../../../../../2021-yr1-NoClue-INC/Content/HorrorEngine/Blueprints/Structures/SpotlightSettings.uasset" 543
"../../../../../2021-yr1-NoClue-INC/Content/HorrorEngine/Blueprints/Structures/HorrorEngine/Equipment_Cameroid.uasset" 544
"../../../../../2021-yr1-NoClue-INC/Content/HorrorEngine/Blueprints/Structures/HorrorEngine/Equipment_Flashlight.uasset" 545
"../../../../../2021-yr1-NoClue-INC/Content/HorrorEngine/Blueprints/Structures/PointlightSettings.uasset" 546
"../../../../../2021-yr1-NoClue-INC/Content/HorrorEngine/Blueprints/Structures/HorrorEngine/Equipment_Glowstick.uasset" 547
"../../../../../2021-yr1-NoClue-INC/Content/HorrorEngine/Blueprints/Structures/HorrorEngine/Equipment_Lighter.uasset" 548
"../../../../../2021-yr1-NoClue-INC/Content/HorrorEngine/Blueprints/Structures/HorrorEngine/Equipment_Nightvision.uasset" 549
"../../../../../2021-yr1-NoClue-INC/Content/HorrorEngine/Blueprints/Structures/HorrorEngine/Equipment_Pistol.uasset" 550
"../../../../../2021-yr1-NoClue-INC/Content/HorrorEngine/Blueprints/Structures/HorrorEngine/Equipment_Torch.uasset" 551
"../../../../../2021-yr1-NoClue-INC/Content/HorrorEngine/Blueprints/Structures/HorrorEngine/HorrorEngine_Equipment.uasset" 552
"../../../../../2021-yr1-NoClue-INC/Content/HorrorEngine/Blueprints/Structures/HorrorEngine/HorrorEngine_Footstep.uasset" 553
"../../../../../2021-yr1-NoClue-INC/Content/HorrorEngine/Audio/Voices/Damage_Cue.uasset" 554
"../../../../../2021-yr1-NoClue-INC/Content/HorrorEngine/Audio/Voices/Death_Cue.uasset" 555
"../../../../../2021-yr1-NoClue-INC/Content/HorrorEngine/Audio/Voices/Fear_Cue.uasset" 556
"../../../../../2021-yr1-NoClue-INC/Content/HorrorEngine/Blueprints/Structures/HorrorEngine/HorrorEngine_Player.uasset" 557
"../../../../../2021-yr1-NoClue-INC/Content/Art/Screens/loading_screen.uasset" 558
"../../../../../2021-yr1-NoClue-INC/Content/HorrorEngine/Blueprints/Widgets/BasicLoadingWB.uasset" 559
"../../../../../2021-yr1-NoClue-INC/Content/HorrorEngine/Textures/HUD/Viewfinder.uasset" 560
"../../../../../2021-yr1-NoClue-INC/Content/HorrorEngine/Blueprints/Widgets/CameroidViewFinderWB.uasset" 561
"../../../../../2021-yr1-NoClue-INC/Content/HorrorEngine/Textures/Glitch.uasset" 562
"../../../../../2021-yr1-NoClue-INC/Content/HorrorEngine/Materials/HE_Glitch.uasset" 563
"../../../../../2021-yr1-NoClue-INC/Content/Art/Screens/death_screen.uasset" 564
"../../../../../2021-yr1-NoClue-INC/Content/HorrorEngine/Audio/SFX/Glitch_Cue.uasset" 565
"../../../../../2021-yr1-NoClue-INC/Content/HorrorEngine/Audio/Footsteps/Carpet_Cue.uasset" 566
"../../../../../2021-yr1-NoClue-INC/Content/HorrorEngine/Audio/Footsteps/Carpet_Jump_Cue.uasset" 567
"../../../../../2021-yr1-NoClue-INC/Content/HorrorEngine/Audio/Footsteps/Default_Cue.uasset" 568
"../../../../../2021-yr1-NoClue-INC/Content/HorrorEngine/Audio/Footsteps/Default_Jump_Cue.uasset" 569
"../../../../../2021-yr1-NoClue-INC/Content/HorrorEngine/Audio/Footsteps/Dirt_Cue.uasset" 570
"../../../../../2021-yr1-NoClue-INC/Content/HorrorEngine/Audio/Footsteps/Dirt_Jump_Cue.uasset" 571
"../../../../../2021-yr1-NoClue-INC/Content/HorrorEngine/Audio/Footsteps/Grass_Cue.uasset" 572
"../../../../../2021-yr1-NoClue-INC/Content/HorrorEngine/Audio/Footsteps/Grass_Jump_Cue.uasset" 573
"../../../../../2021-yr1-NoClue-INC/Content/HorrorEngine/Audio/Footsteps/Metal_Jump_Cue.uasset" 574
"../../../../../2021-yr1-NoClue-INC/Content/HorrorEngine/Audio/Footsteps/Rock_Cue.uasset" 575
"../../../../../2021-yr1-NoClue-INC/Content/HorrorEngine/Audio/Footsteps/Rock_Jump_Cue.uasset" 576
"../../../../../2021-yr1-NoClue-INC/Content/HorrorEngine/Audio/Footsteps/Tile_Cue.uasset" 577
"../../../../../2021-yr1-NoClue-INC/Content/HorrorEngine/Audio/Footsteps/Tile_Jump_Cue.uasset" 578
"../../../../../2021-yr1-NoClue-INC/Content/HorrorEngine/Audio/Footsteps/Wood_Cue.uasset" 579
"../../../../../2021-yr1-NoClue-INC/Content/HorrorEngine/Audio/Footsteps/Wood_Jump_Cue.uasset" 580
"../../../../../2021-yr1-NoClue-INC/Content/HorrorEngine/Textures/HUD/You_Died.uasset" 581
"../../../../../2021-yr1-NoClue-INC/Content/HorrorEngine/HorrorEngineSettings.uasset" 582
"../../../../../2021-yr1-NoClue-INC/Content/HorrorEngine/Textures/HUD/Damage.uasset" 583
"../../../../../2021-yr1-NoClue-INC/Content/HorrorEngine/Textures/HUD/PointIcon.uasset" 584
"../../../../../2021-yr1-NoClue-INC/Content/HorrorEngine/Textures/HUD/UseIcon.uasset" 585
"../../../../../2021-yr1-NoClue-INC/Content/HorrorEngine/Blueprints/Widgets/MainHUD.uasset" 586
"../../../../../2021-yr1-NoClue-INC/Content/HorrorEngine/Blueprints/Widgets/Menu/LoadButton.uasset" 587
"../../../../../2021-yr1-NoClue-INC/Content/HorrorEngine/Blueprints/Widgets/Menu/MenuButton.uasset" 588
"../../../../../2021-yr1-NoClue-INC/Content/HorrorEngine/Blueprints/Widgets/Menu/LoadGameList.uasset" 589
"../../../../../2021-yr1-NoClue-INC/Content/HorrorEngine/Blueprints/Widgets/Menu/MainMenu.uasset" 590
"../../../../../2021-yr1-NoClue-INC/Content/HorrorEngine/Blueprints/Widgets/NightVisionWB.uasset" 591
"../../../../../2021-yr1-NoClue-INC/Content/HorrorEngine/Blueprints/Widgets/PistolWB.uasset" 592
"../../../../../2021-yr1-NoClue-INC/Content/HorrorEngine/Meshes/Flashlight.uasset" 593
"../../../../../2021-yr1-NoClue-INC/Content/HorrorEngine/Meshes/LighterOn.uasset" 594
"../../../../../2021-yr1-NoClue-INC/Content/HorrorEngine/Meshes/Pistol.uasset" 595
"../../../../../2021-yr1-NoClue-INC/Content/HorrorEngine/Meshes/PistolTop.uasset" 596
"../../../../../2021-yr1-NoClue-INC/Content/HorrorEngine/Textures/Torch.uasset" 597
"../../../../../2021-yr1-NoClue-INC/Content/HorrorEngine/Materials/MaterialInstances/HE_Torch.uasset" 598
"../../../../../2021-yr1-NoClue-INC/Content/HorrorEngine/Meshes/Torch.uasset" 599
"../../../../../2021-yr1-NoClue-INC/Content/HorrorEngine/Meshes/TvRemote.uasset" 600
"../../../../../2021-yr1-NoClue-INC/Content/HorrorEngine/Textures/T_Fire_SubUV.uasset" 601
"../../../../../2021-yr1-NoClue-INC/Content/HorrorEngine/Textures/T_Fire_Tiled_D.uasset" 602
"../../../../../2021-yr1-NoClue-INC/Content/HorrorEngine/Particles/Materials/M_Fire_SubUV.uasset" 603
"../../../../../2021-yr1-NoClue-INC/Content/HorrorEngine/Textures/T_Smoke_SubUV.uasset" 604
"../../../../../2021-yr1-NoClue-INC/Content/HorrorEngine/Textures/T_Smoke_Tiled_D.uasset" 605
"../../../../../2021-yr1-NoClue-INC/Content/HorrorEngine/Particles/Materials/M_smoke_subUV.uasset" 606
"../../../../../2021-yr1-NoClue-INC/Content/HorrorEngine/Particles/Fire.uasset" 607
"../../../../../2021-yr1-NoClue-INC/Content/HorrorEngine/Textures/LighterFlame.uasset" 608
"../../../../../2021-yr1-NoClue-INC/Content/HorrorEngine/Materials/HE_LighterFlame.uasset" 609
"../../../../../2021-yr1-NoClue-INC/Content/HorrorEngine/Particles/LighterFlame.uasset" 610
"../../../../../2021-yr1-NoClue-INC/Content/HorrorEngine/Textures/T_Explosion_SubUV.uasset" 611
"../../../../../2021-yr1-NoClue-INC/Content/HorrorEngine/Particles/Materials/M_explosion_subUV.uasset" 612
"../../../../../2021-yr1-NoClue-INC/Content/HorrorEngine/Particles/Shot.uasset" 613
"../../../../../2021-yr1-NoClue-INC/Content/HorrorEngine/Textures/Battery.uasset" 614
"../../../../../2021-yr1-NoClue-INC/Content/HorrorEngine/Textures/HUD/ScreenDirt.uasset" 615
"../../../../../2021-yr1-NoClue-INC/Content/HorrorEngine/Textures/IES/IES_FlashLight.uasset" 616
"../../../../../2021-yr1-NoClue-INC/Content/HorrorEngine/Textures/LUT01.uasset" 617
"../../../../../2021-yr1-NoClue-INC/Content/HorrorEngine/Textures/NightVision.uasset" 618
"../../../../../2021-yr1-NoClue-INC/Content/HorrorEngine/HorrorEngine.uasset" 619
"../../../../../2021-yr1-NoClue-INC/Content/HorrorEngine/Audio/Elecronic/E-DoorClose_Cue.uasset" 620
"../../../../../2021-yr1-NoClue-INC/Content/HorrorEngine/Audio/Elecronic/E-DoorCloseHit_Cue.uasset" 621
"../../../../../2021-yr1-NoClue-INC/Content/HorrorEngine/Audio/Elecronic/E-DoorOpen_Cue.uasset" 622
"../../../../../2021-yr1-NoClue-INC/Content/HorrorEngine/Audio/Elecronic/E-DoorOpenHit_Cue.uasset" 623
"../../../../../2021-yr1-NoClue-INC/Content/HorrorEngine/Meshes/E-DoorFrame.uasset" 624
"../../../../../2021-yr1-NoClue-INC/Content/HorrorEngine/Blueprints/UsableAssets/Electronics/E-Door.uasset" 625
"../../../../../2021-yr1-NoClue-INC/Content/HorrorEngine/Textures/Digit_0.uasset" 626
"../../../../../2021-yr1-NoClue-INC/Content/HorrorEngine/Materials/HE_ControlScreen.uasset" 627
"../../../../../2021-yr1-NoClue-INC/Content/HorrorEngine/Textures/ControlPanel.uasset" 628
"../../../../../2021-yr1-NoClue-INC/Content/HorrorEngine/Materials/MaterialInstances/HE_Control.uasset" 629
"../../../../../2021-yr1-NoClue-INC/Content/HorrorEngine/Audio/Elecronic/KeyCardClose_Cue.uasset" 630
"../../../../../2021-yr1-NoClue-INC/Content/HorrorEngine/Audio/Elecronic/KeyCardDenied_Cue.uasset" 631
"../../../../../2021-yr1-NoClue-INC/Content/HorrorEngine/Audio/Elecronic/KeyCardOpen_Cue.uasset" 632
"../../../../../2021-yr1-NoClue-INC/Content/HorrorEngine/Meshes/ControlPanel.uasset" 633
"../../../../../2021-yr1-NoClue-INC/Content/HorrorEngine/Textures/ControlPanelWifi.uasset" 634
"../../../../../2021-yr1-NoClue-INC/Content/HorrorEngine/Textures/Digit_Lock.uasset" 635
"../../../../../2021-yr1-NoClue-INC/Content/HorrorEngine/Textures/Digit_Open.uasset" 636
"../../../../../2021-yr1-NoClue-INC/Content/HorrorEngine/Textures/Digit_Wrong.uasset" 637
"../../../../../2021-yr1-NoClue-INC/Content/HorrorEngine/Blueprints/UsableAssets/Electronics/KeycardControl.uasset" 638
"../../../../../2021-yr1-NoClue-INC/Content/HorrorEngine/Blueprints/Structures/SaveStructures/InventorySave.uasset" 639
"../../../../../2021-yr1-NoClue-INC/Content/HorrorEngine/Blueprints/Core/HE_GameInstance.uasset" 640
"../../../../../2021-yr1-NoClue-INC/Content/HorrorEngine/Blueprints/Structures/HorrorEvent/HE_HideActors.uasset" 641
"../../../../../2021-yr1-NoClue-INC/Content/HorrorEngine/Blueprints/Enums/AttachmentRules.uasset" 642
"../../../../../2021-yr1-NoClue-INC/Content/HorrorEngine/Blueprints/Structures/HorrorEvent/HE_SpawnActorsAttach.uasset" 643
"../../../../../2021-yr1-NoClue-INC/Content/HorrorEngine/Blueprints/Structures/HorrorEvent/HE_SpawnActors.uasset" 644
"../../../../../2021-yr1-NoClue-INC/Content/HorrorEngine/Blueprints/Core/PhotoRestore.uasset" 645
"../../../../../2021-yr1-NoClue-INC/Content/HorrorEngine/Textures/Battery_Alpha.uasset" 646
"../../../../../2021-yr1-NoClue-INC/Content/HorrorEngine/Textures/Battery_Normal.uasset" 647
"../../../../../2021-yr1-NoClue-INC/Content/HorrorEngine/Materials/MaterialInstances/HE_Battery.uasset" 648
"../../../../../2021-yr1-NoClue-INC/Content/HorrorEngine/Audio/Environment/PickUpBattery_Cue.uasset" 649
"../../../../../2021-yr1-NoClue-INC/Content/HorrorEngine/Meshes/Battery.uasset" 650
"../../../../../2021-yr1-NoClue-INC/Content/HorrorEngine/Textures/HUD/Icon_Battery.uasset" 651
"../../../../../2021-yr1-NoClue-INC/Content/HorrorEngine/Blueprints/UsableAssets/Inventory/Battery.uasset" 652
"../../../../../2021-yr1-NoClue-INC/Content/HorrorEngine/Textures/Camera.uasset" 653
"../../../../../2021-yr1-NoClue-INC/Content/HorrorEngine/Materials/MaterialInstances/HE_Camera.uasset" 654
"../../../../../2021-yr1-NoClue-INC/Content/HorrorEngine/Meshes/Camera.uasset" 655
"../../../../../2021-yr1-NoClue-INC/Content/HorrorEngine/Blueprints/UsableAssets/Inventory/Camera.uasset" 656
"../../../../../2021-yr1-NoClue-INC/Content/HorrorEngine/Textures/CameraBattery.uasset" 657
"../../../../../2021-yr1-NoClue-INC/Content/HorrorEngine/Materials/MaterialInstances/HE_CameraBattery.uasset" 658
"../../../../../2021-yr1-NoClue-INC/Content/HorrorEngine/Meshes/CameraBattery.uasset" 659
"../../../../../2021-yr1-NoClue-INC/Content/HorrorEngine/Textures/HUD/Icon_CameraBattery.uasset" 660
"../../../../../2021-yr1-NoClue-INC/Content/HorrorEngine/Blueprints/UsableAssets/Inventory/CameraBattery.uasset" 661
"../../../../../2021-yr1-NoClue-INC/Content/HorrorEngine/Textures/Cameroid.uasset" 662
"../../../../../2021-yr1-NoClue-INC/Content/HorrorEngine/Textures/T_Perlin_Noise_M.uasset" 663
"../../../../../2021-yr1-NoClue-INC/Content/HorrorEngine/Materials/MaterialInstances/HE_Cameroid.uasset" 664
"../../../../../2021-yr1-NoClue-INC/Content/HorrorEngine/Materials/MaterialInstances/HE_GlassBlack.uasset" 665
"../../../../../2021-yr1-NoClue-INC/Content/HorrorEngine/Meshes/Cameroid.uasset" 666
"../../../../../2021-yr1-NoClue-INC/Content/HorrorEngine/Blueprints/UsableAssets/Inventory/Cameroid.uasset" 667
"../../../../../2021-yr1-NoClue-INC/Content/HorrorEngine/Textures/CameroidPaperPack.uasset" 668
"../../../../../2021-yr1-NoClue-INC/Content/HorrorEngine/Textures/PaintingCanvasNormal.uasset" 669
"../../../../../2021-yr1-NoClue-INC/Content/HorrorEngine/Materials/MaterialInstances/He_CameroidPaperPack.uasset" 670
"../../../../../2021-yr1-NoClue-INC/Content/HorrorEngine/Meshes/CameroidPaperPack.uasset" 671
"../../../../../2021-yr1-NoClue-INC/Content/HorrorEngine/Textures/HUD/Icon_CameroidPaperPack.uasset" 672
"../../../../../2021-yr1-NoClue-INC/Content/HorrorEngine/Blueprints/UsableAssets/Inventory/CameroidPaperPack.uasset" 673
"../../../../../2021-yr1-NoClue-INC/Content/HorrorEngine/Audio/_PhysicalMaterials/Rock.uasset" 674
"../../../../../2021-yr1-NoClue-INC/Content/HorrorEngine/Textures/T_Brick_Clay_Beveled_D.uasset" 675
"../../../../../2021-yr1-NoClue-INC/Content/HorrorEngine/Textures/T_Brick_Clay_Beveled_M.uasset" 676
"../../../../../2021-yr1-NoClue-INC/Content/HorrorEngine/Textures/T_Brick_Clay_Beveled_N.uasset" 677
"../../../../../2021-yr1-NoClue-INC/Content/HorrorEngine/Materials/He_Rock.uasset" 678
"../../../../../2021-yr1-NoClue-INC/Content/HorrorEngine/Meshes/PreviewMesh.uasset" 679
"../../../../../2021-yr1-NoClue-INC/Content/HorrorEngine/Blueprints/UsableAssets/Inventory/CustomInspectable.uasset" 680
"../../../../../2021-yr1-NoClue-INC/Content/HorrorEngine/Blueprints/UsableAssets/Inventory/Flashlight.uasset" 681
"../../../../../2021-yr1-NoClue-INC/Content/HorrorEngine/Meshes/LighterOff.uasset" 682
"../../../../../2021-yr1-NoClue-INC/Content/HorrorEngine/Blueprints/UsableAssets/Inventory/Lighter.uasset" 683
"../../../../../2021-yr1-NoClue-INC/Content/HorrorEngine/Textures/LighterFluid.uasset" 684
"../../../../../2021-yr1-NoClue-INC/Content/HorrorEngine/Textures/LighterFluidMask.uasset" 685
"../../../../../2021-yr1-NoClue-INC/Content/HorrorEngine/Textures/LighterFluidNormal.uasset" 686
"../../../../../2021-yr1-NoClue-INC/Content/HorrorEngine/Materials/MaterialInstances/HE_LighterFluid.uasset" 687
"../../../../../2021-yr1-NoClue-INC/Content/HorrorEngine/Meshes/LighterFluid.uasset" 688
"../../../../../2021-yr1-NoClue-INC/Content/HorrorEngine/Textures/HUD/Icon_LighterFluid.uasset" 689
"../../../../../2021-yr1-NoClue-INC/Content/HorrorEngine/Blueprints/UsableAssets/Inventory/LighterFluid.uasset" 690
"../../../../../2021-yr1-NoClue-INC/Content/HorrorEngine/Textures/Painkiller.uasset" 691
"../../../../../2021-yr1-NoClue-INC/Content/HorrorEngine/Materials/MaterialInstances/HE_Painkiller.uasset" 692
"../../../../../2021-yr1-NoClue-INC/Content/HorrorEngine/Audio/Voices/Painkiller_Cue.uasset" 693
"../../../../../2021-yr1-NoClue-INC/Content/HorrorEngine/Meshes/Painkiller.uasset" 694
"../../../../../2021-yr1-NoClue-INC/Content/HorrorEngine/Textures/HUD/Icon_Painkiller.uasset" 695
"../../../../../2021-yr1-NoClue-INC/Content/HorrorEngine/Blueprints/UsableAssets/Inventory/Painkiller.uasset" 696
"../../../../../2021-yr1-NoClue-INC/Content/HorrorEngine/Textures/Wallpaper.uasset" 697
"../../../../../2021-yr1-NoClue-INC/Content/HorrorEngine/Materials/HE_Paper.uasset" 698
"../../../../../2021-yr1-NoClue-INC/Content/HorrorEngine/Audio/Paper/Paper_Cue.uasset" 699
"../../../../../2021-yr1-NoClue-INC/Content/HorrorEngine/Meshes/Paper.uasset" 700
"../../../../../2021-yr1-NoClue-INC/Content/HorrorEngine/Textures/HUD/Icon_Paper.uasset" 701
"../../../../../2021-yr1-NoClue-INC/Content/HorrorEngine/Textures/Paper01.uasset" 702
"../../../../../2021-yr1-NoClue-INC/Content/HorrorEngine/Textures/Paper02.uasset" 703
"../../../../../2021-yr1-NoClue-INC/Content/HorrorEngine/Blueprints/UsableAssets/Inventory/Paper.uasset" 704
"../../../../../2021-yr1-NoClue-INC/Content/HorrorEngine/Audio/Weapons/GetPistol_Cue.uasset" 705
"../../../../../2021-yr1-NoClue-INC/Content/HorrorEngine/Blueprints/UsableAssets/Inventory/Pistol.uasset" 706
"../../../../../2021-yr1-NoClue-INC/Content/HorrorEngine/Blueprints/UsableAssets/Inventory/Torch.uasset" 707
"../../../../../2021-yr1-NoClue-INC/Content/HorrorEngine/Textures/TorchOil.uasset" 708
"../../../../../2021-yr1-NoClue-INC/Content/HorrorEngine/Materials/MaterialInstances/HE_TorchOil.uasset" 709
"../../../../../2021-yr1-NoClue-INC/Content/HorrorEngine/Audio/LighterAndTorch/GetOil_Cue.uasset" 710
"../../../../../2021-yr1-NoClue-INC/Content/HorrorEngine/Meshes/TorchOil.uasset" 711
"../../../../../2021-yr1-NoClue-INC/Content/HorrorEngine/Textures/HUD/Icon_TorchOil.uasset" 712
"../../../../../2021-yr1-NoClue-INC/Content/HorrorEngine/Blueprints/UsableAssets/Inventory/TorchOil.uasset" 713
"../../../../../2021-yr1-NoClue-INC/Content/HorrorEngine/Textures/HUD/Icon_Overlap.uasset" 714
"../../../../../2021-yr1-NoClue-INC/Content/HorrorEngine/Blueprints/UsableAssets/PortalAndTriggers/OverlapTrigger.uasset" 715
"../../../../../2021-yr1-NoClue-INC/Content/HorrorEngine/Blueprints/Core/HE_SaveGameComponent.uasset" 716
"../../../../../2021-yr1-NoClue-INC/Content/HorrorEngine/Textures/HUD/Pivot.uasset" 717
"../../../../../2021-yr1-NoClue-INC/Content/HorrorEngine/Blueprints/Core/Inspectable.uasset" 718
"../../../../../2021-yr1-NoClue-INC/Content/HorrorEngine/Media/TV.uasset" 719
"../../../../../2021-yr1-NoClue-INC/Content/HorrorEngine/Media/TV_Texture.uasset" 720
"../../../../../2021-yr1-NoClue-INC/Content/HorrorEngine/Media/Tv_Media.uasset" 721
"../../../../../2021-yr1-NoClue-INC/Content/HorrorEngine/Materials/MaterialInstances/HE_Tv.uasset" 722
"../../../../../2021-yr1-NoClue-INC/Content/HorrorEngine/Materials/HE_TvGlow.uasset" 723
"../../../../../2021-yr1-NoClue-INC/Content/HorrorEngine/Materials/MaterialInstances/HE_TvGlowBlue.uasset" 724
"../../../../../2021-yr1-NoClue-INC/Content/HorrorEngine/Materials/MaterialInstances/HE_TvGlowGreen.uasset" 725
"../../../../../2021-yr1-NoClue-INC/Content/HorrorEngine/Materials/MaterialInstances/HE_TvGlowRed.uasset" 726
"../../../../../2021-yr1-NoClue-INC/Content/HorrorEngine/Materials/MaterialInstances/HE_TvScreen.uasset" 727
"../../../../../2021-yr1-NoClue-INC/Content/HorrorEngine/Meshes/TV.uasset" 728
"../../../../../2021-yr1-NoClue-INC/Content/HorrorEngine/Blueprints/UsableAssets/Electronics/Tv.uasset" 729
"../../../../../2021-yr1-NoClue-INC/Content/HorrorEngine/Blueprints/Core/HorrorEngineMacros.uasset" 730
"../../../../../2021-yr1-NoClue-INC/Content/HorrorEngine/Blueprints/Enums/HorrorEventInteractions.uasset" 731
"../../../../../2021-yr1-NoClue-INC/Content/HorrorEngine/Blueprints/Widgets/SubtitleWB.uasset" 732
"../../../../../2021-yr1-NoClue-INC/Content/HorrorEngine/Blueprints/Core/HorrorEvents.uasset" 733
"../../../../../2021-yr1-NoClue-INC/Content/HorrorEngine/Blueprints/Core/Use.uasset" 734
"../../../../../2021-yr1-NoClue-INC/Content/HorrorEngine/Blueprints/Structures/HorrorEvent/HE_ActorInteractions.uasset" 735
"../../../../../2021-yr1-NoClue-INC/Content/HorrorEngine/Blueprints/Structures/HorrorEvent/HE_Environment.uasset" 736
"../../../../../2021-yr1-NoClue-INC/Content/HorrorEngine/Textures/HUD/TransitionSolid.uasset" 737
"../../../../../2021-yr1-NoClue-INC/Content/HorrorEngine/Blueprints/Widgets/NoticeWB.uasset" 738
"../../../../../2021-yr1-NoClue-INC/Content/HorrorEngine/Blueprints/Core/HorrorEngineFunctions.uasset" 739
"../../../../../2021-yr1-NoClue-INC/Content/HorrorEngine/Blueprints/Core/HorrorEngineCharacter.uasset" 740
"../../../../../2021-yr1-NoClue-INC/Content/HorrorEngine/Blueprints/Core/HorrorEngineGameMode.uasset" 741
"../../../Engine/Content/Animation/DefaultAnimCurveCompressionSettings.uasset" 742
"../../../Engine/Content/Functions/Engine_MaterialFunctions01/Opacity/CameraDepthFade.uasset" 743
"../../../Engine/Content/EngineMaterials/T_Default_Material_Grid_M.uasset" 744
"../../../Engine/Content/EngineMaterials/T_Default_Material_Grid_N.uasset" 745
"../../../Engine/Content/EngineMaterials/WorldGridMaterial.uasset" 746
"../../../Engine/Content/ArtTools/RenderToTexture/Meshes/S_1_Unit_Plane.uasset" 747
"../../../Engine/Content/EngineMaterials/DefaultMaterial.uasset" 748
"../../../Engine/Content/BasicShapes/Cone.uasset" 749
"../../../Engine/Content/EditorMaterials/MAT_Groups_Toggle.uasset" 750
"../../../Engine/Content/EditorMaterials/MAT_Groups_Visibility.uasset" 751
"../../../Engine/Content/EditorMaterials/PreviewShadowIndicator.uasset" 752
"../../../Engine/Content/EditorMaterials/PreviewShadowIndicatorMaterial.uasset" 753
"../../../Engine/Content/EditorMaterials/MatineeGroups/MAT_ColorTrack.uasset" 754
"../../../Engine/Content/EditorMaterials/MatineeGroups/MAT_Groups_Anim.uasset" 755
"../../../Engine/Content/EditorMaterials/MatineeGroups/MAT_Groups_AudioMaster.uasset" 756
"../../../Engine/Content/EditorMaterials/MatineeGroups/MAT_Groups_Director.uasset" 757
"../../../Engine/Content/EditorMaterials/MatineeGroups/MAT_Groups_Event.uasset" 758
"../../../Engine/Content/EditorMaterials/MatineeGroups/MAT_Groups_Fade.uasset" 759
"../../../Engine/Content/EditorMaterials/MatineeGroups/MAT_Groups_Float.uasset" 760
"../../../Engine/Content/EditorMaterials/MatineeGroups/MAT_Groups_Move.uasset" 761
"../../../Engine/Content/EditorMaterials/MatineeGroups/MAT_Groups_Slomo.uasset" 762
"../../../Engine/Content/EditorMaterials/MatineeGroups/MAT_Groups_Sound.uasset" 763
"../../../Engine/Content/EditorMaterials/MatineeGroups/MAT_Groups_Vector.uasset" 764
"../../../Engine/Content/EditorMaterials/ParticleSystems/PSysThumbnail_NoImage.uasset" 765
"../../../Engine/Content/EditorMaterials/ParticleSystems/PSysThumbnail_OOD.uasset" 766
"../../../Engine/Content/EditorMaterials/Camera/CineMat.uasset" 767
"../../../Engine/Content/EditorMaterials/Camera/MI_CineMat_Rig.uasset" 768
"../../../Engine/Content/EditorMeshes/Camera/SM_CraneRig_Arm.uasset" 769
"../../../Engine/Content/EditorMeshes/Camera/SM_CraneRig_Base.uasset" 770
"../../../Engine/Content/EditorMeshes/Camera/SM_CraneRig_Body.uasset" 771
"../../../Engine/Content/EditorMeshes/Camera/SM_CraneRig_Mount.uasset" 772
"../../../Engine/Content/EditorMeshes/Camera/SM_RailRig_Mount.uasset" 773
"../../../Engine/Content/EditorMeshes/Camera/SM_RailRig_Track.uasset" 774
"../../../Engine/Content/EditorResources/BSPVertex.uasset" 775
"../../../Engine/Content/EditorResources/EmptyActor.uasset" 776
"../../../Engine/Content/EditorResources/S_Actor.uasset" 777
"../../../Engine/Content/EditorResources/S_Note.uasset" 778
"../../../Engine/Content/EditorResources/S_Solver.uasset" 779
"../../../Engine/Content/EditorResources/S_Trigger.uasset" 780
"../../../Engine/Content/EditorResources/AudioIcons/S_AudioComponent_AutoActivate.uasset" 781
"../../../Engine/Content/EditorResources/LightIcons/S_LightError.uasset" 782
"../../../Engine/Content/EditorResources/SequenceRecorder/Countdown.uasset" 783
"../../../Engine/Content/EditorResources/SequenceRecorder/RecordingIndicator.uasset" 784
"../../../Engine/Content/EditorSounds/Notifications/CompileFailed.uasset" 785
"../../../Engine/Content/EditorSounds/Notifications/CompileFailed_Cue.uasset" 786
"../../../Engine/Content/EditorSounds/Notifications/CompileSuccess.uasset" 787
"../../../Engine/Content/EditorSounds/Notifications/CompileStart_Cue.uasset" 788
"../../../Engine/Content/EditorSounds/Notifications/CompileSuccess_Cue.uasset" 789
"../../../Engine/Content/EngineDamageTypes/DmgTypeBP_Environmental.uasset" 790
"../../../Engine/Content/EngineDebugMaterials/DebugEditorMaterial.uasset" 791
"../../../Engine/Content/EngineDebugMaterials/DebugMeshMaterial.uasset" 792
"../../../Engine/Content/EngineDebugMaterials/M_SimpleUnlitTranslucent.uasset" 793
"../../../Engine/Content/Functions/Engine_MaterialFunctions02/Utility/CameraDirectionVector.uasset" 794
"../../../Engine/Content/EngineDebugMaterials/VolumeToRender.uasset" 795
"../../../Engine/Content/EngineDebugMaterials/M_VolumeRenderSphereTracePP.uasset" 796
"../../../Engine/Content/EngineDebugMaterials/WireframeMaterial.uasset" 797
"../../../Engine/Content/EngineFonts/Faces/DroidSansFallback.uasset" 798
"../../../Engine/Content/EngineFonts/Faces/RobotoBold.uasset" 799
"../../../Engine/Content/EngineFonts/Faces/RobotoBoldItalic.uasset" 800
"../../../Engine/Content/EngineFonts/Faces/RobotoItalic.uasset" 801
"../../../Engine/Content/EngineFonts/Faces/RobotoLight.uasset" 802
"../../../Engine/Content/EngineFonts/Faces/RobotoRegular.uasset" 803
"../../../Engine/Content/EngineFonts/Roboto.uasset" 804
"../../../Engine/Content/EngineMaterials/BaseFlattenDiffuseMap.uasset" 805
"../../../Engine/Content/EngineMaterials/BaseFlattenEmissiveMap.uasset" 806
"../../../Engine/Content/EngineMaterials/BaseFlattenGrayscaleMap.uasset" 807
"../../../Engine/Content/EngineMaterials/BaseFlattenNormalMap.uasset" 808
"../../../Engine/Content/EngineMaterials/BaseFlattenMaterial.uasset" 809
"../../../Engine/Content/EngineMaterials/BlueNoise.uasset" 810
"../../../Engine/Content/EngineMaterials/DefaultBloomKernel.uasset" 811
"../../../Engine/Content/EngineMaterials/DefaultBokeh.uasset" 812
"../../../Engine/Content/EngineMaterials/DefaultDeferredDecalMaterial.uasset" 813
"../../../Engine/Content/EngineMaterials/DefaultLightFunctionMaterial.uasset" 814
"../../../Engine/Content/EngineMaterials/DefaultPostProcessMaterial.uasset" 815
"../../../Engine/Content/EngineMaterials/DefaultTextMaterialOpaque.uasset" 816
"../../../Engine/Content/EngineMaterials/DefaultWhiteGrid.uasset" 817
"../../../Engine/Content/EngineMaterials/DefaultWhiteGrid_Low.uasset" 818
"../../../Engine/Content/EngineMaterials/EmissiveMeshMaterial.uasset" 819
"../../../Engine/Content/EngineMaterials/GizmoMaterial.uasset" 820
"../../../Engine/Content/EngineMaterials/Good64x64TilingNoiseHighFreq.uasset" 821
"../../../Engine/Content/EngineMaterials/MiniFont.uasset" 822
"../../../Engine/Content/EngineMaterials/InvalidLightmapSettings.uasset" 823
"../../../Engine/Content/EngineMaterials/M_InvalidLightmapSettings.uasset" 824
"../../../Engine/Content/Functions/Engine_MaterialFunctions02/WorldPositionOffset/CameraOffset.uasset" 825
"../../../Engine/Content/EngineMaterials/PhAT_JointLimitMaterial.uasset" 826
"../../../Engine/Content/EngineMaterials/PreintegratedSkinBRDF.uasset" 827
"../../../Engine/Content/EngineMaterials/RemoveSurfaceMaterial.uasset" 828
"../../../Engine/Content/EngineResources/WhiteSquareTexture.uasset" 829
"../../../Engine/Content/EngineMaterials/Widget3DPassThrough.uasset" 830
"../../../Engine/Content/EngineMaterials/Widget3DPassThrough_Masked.uasset" 831
"../../../Engine/Content/EngineMaterials/Widget3DPassThrough_Opaque.uasset" 832
"../../../Engine/Content/EngineMaterials/Widget3DPassThrough_Masked_OneSided.uasset" 833
"../../../Engine/Content/EngineMaterials/Widget3DPassThrough_Opaque_OneSided.uasset" 834
"../../../Engine/Content/EngineMaterials/Widget3DPassThrough_Translucent.uasset" 835
"../../../Engine/Content/EngineMaterials/Widget3DPassThrough_Translucent_OneSided.uasset" 836
"../../../Engine/Content/EngineMeshes/Cylinder.uasset" 837
"../../../Engine/Content/EngineMeshes/Sphere.uasset" 838
"../../../Engine/Content/EngineResources/Black.uasset" 839
"../../../Engine/Content/EngineResources/DefaultTexture.uasset" 840
"../../../Engine/Content/EngineResources/DefaultTextureCube.uasset" 841
"../../../Engine/Content/EngineResources/DefaultVolumeTexture2D.uasset" 842
"../../../Engine/Content/EngineResources/DefaultVolumeTexture.uasset" 843
"../../../Engine/Content/EngineResources/GradientTexture0.uasset" 844
"../../../Engine/Content/EngineSounds/Master.uasset" 845
"../../../Engine/Content/Functions/Engine_MaterialFunctions01/Shading/ConvertFromDiffSpec.uasset" 846
"../../../Engine/Content/Functions/Engine_MaterialFunctions01/Shading/PowerToRoughness.uasset" 847
"../../../Engine/Content/Maps/Templates/Thumbnails/Default.uasset" 848
"../../../Engine/Content/Maps/Templates/Thumbnails/TimeOfDay.uasset" 849
"../../../Engine/Content/Maps/Templates/Thumbnails/VR-Basic.uasset" 850
"../../../Engine/Content/MobileResources/T_MobileControls_texture.uasset" 851
"../../../Engine/Content/MobileResources/T_MobileMenu2.uasset" 852
"../../../Engine/Content/MobileResources/HUD/AnalogHat.uasset" 853
"../../../Engine/Content/MobileResources/HUD/VirtualJoystick_Background.uasset" 854
"../../../Engine/Content/MobileResources/HUD/VirtualJoystick_Thumb.uasset" 855
"../../../Engine/Content/MobileResources/HUD/DefaultVirtualJoysticks.uasset" 856
"../../../Engine/Content/MobileResources/HUD/LeftVirtualJoystickOnly.uasset" 857
"../../../Engine/Content/MobileResources/HUD/MobileHUDButton1_off.uasset" 858
"../../../Engine/Content/MobileResources/HUD/MobileHUDButton1_on.uasset" 859
"../../../Engine/Content/MobileResources/HUD/MobileHUDButton2_off.uasset" 860
"../../../Engine/Content/MobileResources/HUD/MobileHUDButton2_on.uasset" 861
"../../../Engine/Content/MobileResources/HUD/MobileHUDButton3.uasset" 862
"../../../Engine/Content/MobileResources/HUD/MobileHUDButtonFire.uasset" 863
"../../../Engine/Content/MobileResources/HUD/MobileHUDDirectionPad.uasset" 864
"../../../Engine/Content/MobileResources/HUD/MobileHUDDirectionPad2.uasset" 865
"../../../Engine/Content/MobileResources/HUD/MobileHUDDirectionPad3.uasset" 866
"../../../Engine/Content/MobileResources/HUD/MobileHUDDirectionStick.uasset" 867
"../../../Engine/Content/MobileResources/HUD/T_Castle_ThumbstickInner.uasset" 868
"../../../Engine/Content/MobileResources/HUD/T_Castle_ThumbstickOutter.uasset" 869
"../../../Engine/Content/Tutorial/ContentIntroCurve.uasset" 870
"../../../Engine/Content/Tutorial/Basics/LevelEditorAttract.uasset" 871
"../../../Engine/Content/VREditor/LaserPointer/VR_LaserPower_01.uasset" 872
"../../../Engine/Content/VREditor/TransformGizmo/TransformGizmoMaterial.uasset" 873
"../../../Engine/Content/VREditor/TransformGizmo/TranslucentTransformGizmoMaterial.uasset" 874
"../../../Engine/Content/VREditor/TransformGizmo/BoundingBoxCorner.uasset" 875
"../../../Engine/Content/VREditor/TransformGizmo/BoundingBoxEdge.uasset" 876
"../../../Engine/Content/VREditor/TransformGizmo/PlaneTranslationHandle.uasset" 877
"../../../Engine/Content/VREditor/TransformGizmo/Main.uasset" 878
"../../../Engine/Content/VREditor/TransformGizmo/Xray.uasset" 879
"../../../Engine/Content/VREditor/TransformGizmo/SM_Sequencer_Key.uasset" 880
"../../../Engine/Content/VREditor/TransformGizmo/SM_Sequencer_Node.uasset" 881
"../../Plugins/2D/Paper2D/Content/PlaceholderTextures/DummySpriteTexture.uasset" 882
"../../Plugins/2D/Paper2D/Content/DummySprite.uasset" 883
"../../Plugins/2D/Paper2D/Content/DefaultPaperTerrainMaterial.uasset" 884
"../../Plugins/2D/Paper2D/Content/DefaultSpriteMaterial.uasset" 885
"../../Plugins/2D/Paper2D/Content/MaskedUnlitSpriteMaterial.uasset" 886
"../../Plugins/2D/Paper2D/Content/OpaqueUnlitSpriteMaterial.uasset" 887
"../../Plugins/FX/Niagara/Content/Enums/ENiagaraBooleanLogicOps.uasset" 888
"../../Plugins/FX/Niagara/Content/Enums/ENiagaraCoordinateSpace.uasset" 889
"../../Plugins/FX/Niagara/Content/Enums/ENiagaraExpansionMode.uasset" 890
"../../Plugins/FX/Niagara/Content/Enums/ENiagaraOrientationAxis.uasset" 891
"../../Plugins/FX/Niagara/Content/Enums/ENiagaraRandomnessMode.uasset" 892
"../../../Engine/Content/Functions/Engine_MaterialFunctions02/Utility/BreakOutFloat4Components.uasset" 893
"../../../Engine/Content/Functions/Engine_MaterialFunctions02/Utility/MakeFloat2.uasset" 894
"../../../Engine/Content/Functions/Engine_MaterialFunctions02/Utility/MakeFloat3.uasset" 895
"../../Plugins/Runtime/Oculus/OculusVR/Content/Materials/OculusMR_ChromaKey.uasset" 896
"../../Plugins/Runtime/Oculus/OculusVR/Content/Materials/OculusMR_ChromaKey_Lit.uasset" 897
"../../Plugins/Runtime/Oculus/OculusVR/Content/Materials/OculusMR_OpaqueColoredMaterial.uasset" 898
"../../Plugins/Runtime/Oculus/OculusVR/Content/Materials/OculusMR_WhiteMaterial.uasset" 899
"../../../../../2021-yr1-NoClue-INC/Content/HorrorEngine/Materials/MaterialInstances/He_SecurityAlarm.uasset" 900
"../../../../../2021-yr1-NoClue-INC/Content/HorrorEngine/Materials/MaterialInstances/HE_SecurityAlarmLight.uasset" 901
"../../../../../2021-yr1-NoClue-INC/Content/HorrorEngine/Audio/_ATT_Profiles/ATT_Alarm.uasset" 902
"../../../../../2021-yr1-NoClue-INC/Content/HorrorEngine/Audio/Environment/Alarm_Cue.uasset" 903
"../../../../../2021-yr1-NoClue-INC/Content/HorrorEngine/Meshes/SecurityAlarm.uasset" 904
"../../../../../2021-yr1-NoClue-INC/Content/HorrorEngine/Materials/MaterialInstances/HE_PlasticWhite.uasset" 905
"../../../../../2021-yr1-NoClue-INC/Content/HorrorEngine/Meshes/Speaker.uasset" 906
"../../../../../2021-yr1-NoClue-INC/Content/HorrorEngine/Blueprints/UsableAssets/Electronics/SecurityAlarm.uasset" 907
"../../../../../2021-yr1-NoClue-INC/Content/HorrorEngine/Textures/Button_1.uasset" 908
"../../../../../2021-yr1-NoClue-INC/Content/HorrorEngine/Materials/HE_LockPanelButton.uasset" 909
"../../../../../2021-yr1-NoClue-INC/Content/HorrorEngine/Audio/Elecronic/CorrectCode_Cue.uasset" 910
"../../../../../2021-yr1-NoClue-INC/Content/HorrorEngine/Audio/Elecronic/LockPanelButton.uasset" 911
"../../../../../2021-yr1-NoClue-INC/Content/HorrorEngine/Audio/Elecronic/LockPanelEmptyButton.uasset" 912
"../../../../../2021-yr1-NoClue-INC/Content/HorrorEngine/Audio/Elecronic/Warning_Cue.uasset" 913
"../../../../../2021-yr1-NoClue-INC/Content/HorrorEngine/Audio/Elecronic/WrongCode_Cue.uasset" 914
"../../../../../2021-yr1-NoClue-INC/Content/HorrorEngine/Meshes/LockPanelButton.uasset" 915
"../../../../../2021-yr1-NoClue-INC/Content/HorrorEngine/Textures/Button_0.uasset" 916
"../../../../../2021-yr1-NoClue-INC/Content/HorrorEngine/Textures/Button_2.uasset" 917
"../../../../../2021-yr1-NoClue-INC/Content/HorrorEngine/Textures/Button_3.uasset" 918
"../../../../../2021-yr1-NoClue-INC/Content/HorrorEngine/Textures/Button_4.uasset" 919
"../../../../../2021-yr1-NoClue-INC/Content/HorrorEngine/Textures/Button_5.uasset" 920
"../../../../../2021-yr1-NoClue-INC/Content/HorrorEngine/Textures/Button_6.uasset" 921
"../../../../../2021-yr1-NoClue-INC/Content/HorrorEngine/Textures/Button_7.uasset" 922
"../../../../../2021-yr1-NoClue-INC/Content/HorrorEngine/Textures/Button_8.uasset" 923
"../../../../../2021-yr1-NoClue-INC/Content/HorrorEngine/Textures/Button_9.uasset" 924
"../../../../../2021-yr1-NoClue-INC/Content/HorrorEngine/Textures/Button_Enter.uasset" 925
"../../../../../2021-yr1-NoClue-INC/Content/HorrorEngine/Textures/Button_Reset.uasset" 926
"../../../../../2021-yr1-NoClue-INC/Content/HorrorEngine/Textures/Digit_1.uasset" 927
"../../../../../2021-yr1-NoClue-INC/Content/HorrorEngine/Textures/Digit_2.uasset" 928
"../../../../../2021-yr1-NoClue-INC/Content/HorrorEngine/Textures/Digit_3.uasset" 929
"../../../../../2021-yr1-NoClue-INC/Content/HorrorEngine/Textures/Digit_4.uasset" 930
"../../../../../2021-yr1-NoClue-INC/Content/HorrorEngine/Blueprints/UsableAssets/Electronics/SecurityControl.uasset" 931
"../../../../../2021-yr1-NoClue-INC/Content/HorrorEngine/Materials/HE_MonitorScreen.uasset" 932
"../../../../../2021-yr1-NoClue-INC/Content/HorrorEngine/Materials/MaterialInstances/HE_Monitor.uasset" 933
"../../../../../2021-yr1-NoClue-INC/Content/HorrorEngine/Meshes/Monitor_4_3.uasset" 934
"../../../../../2021-yr1-NoClue-INC/Content/HorrorEngine/Blueprints/UsableAssets/Electronics/SecurityMonitor.uasset" 935
"../../../../../2021-yr1-NoClue-INC/Content/HorrorEngine/Textures/SecurityCam.uasset" 936
"../../../../../2021-yr1-NoClue-INC/Content/HorrorEngine/Textures/SecurityCamEmissive.uasset" 937
"../../../../../2021-yr1-NoClue-INC/Content/HorrorEngine/Materials/MaterialInstances/HE_SecurityCam.uasset" 938
"../../../../../2021-yr1-NoClue-INC/Content/HorrorEngine/Meshes/SecurityCam.uasset" 939
"../../../../../2021-yr1-NoClue-INC/Content/HorrorEngine/Meshes/SecurityCamPart.uasset" 940
"../../../../../2021-yr1-NoClue-INC/Content/HorrorEngine/Blueprints/UsableAssets/Electronics/SecurityCam.uasset" 941
"../../../../../2021-yr1-NoClue-INC/Content/HorrorEngine/Blueprints/Core/DetectionChild.uasset" 942
"../../../Engine/Content/EngineSky/C_Sky_Cloud_Color.uasset" 943
"../../../Engine/Content/EngineSky/C_Sky_Horizon_Color.uasset" 944
"../../../Engine/Content/EngineSky/C_Sky_Zenith_Color.uasset" 945
"../../../Engine/Content/EngineSky/T_Sky_Blue.uasset" 946
"../../../Engine/Content/EngineSky/T_Sky_Clouds_M.uasset" 947
"../../../Engine/Content/EngineSky/T_Sky_Stars.uasset" 948
"../../../Engine/Content/EngineSky/M_Sky_Panning_Clouds2.uasset" 949
"../../../Engine/Content/EngineSky/SM_SkySphere.uasset" 950
"../../../Engine/Content/EngineSky/BP_Sky_Sphere.uasset" 951
"../../../../../2021-yr1-NoClue-INC/Content/HorrorEngine/Textures/SaveGameEmissiveTex.uasset" 952
"../../../../../2021-yr1-NoClue-INC/Content/HorrorEngine/Textures/SaveGameTex.uasset" 953
"../../../../../2021-yr1-NoClue-INC/Content/HorrorEngine/Materials/MaterialInstances/HE_SaveGameMat.uasset" 954
"../../../../../2021-yr1-NoClue-INC/Content/HorrorEngine/Meshes/SaveGameMesh.uasset" 955
"../../../../../2021-yr1-NoClue-INC/Content/HorrorEngine/Blueprints/SaveGameActor.uasset" 956
"../../../../../2021-yr1-NoClue-INC/Content/GameLevels/EndOfTheDemo_BuiltData.uasset" 957
"../../../Engine/Content/MapTemplates/SM_Template_Map_Floor.uasset" 958
"../../../../../2021-yr1-NoClue-INC/Content/GameLevels/EndOfTheDemo.umap" 959
"../../../../../2021-yr1-NoClue-INC/Content/HorrorEngine/Audio/Button/MetalCreak_Cue.uasset" 960
"../../../../../2021-yr1-NoClue-INC/Content/HorrorEngine/Audio/Button/MetalFriction_Cue.uasset" 961
"../../../../../2021-yr1-NoClue-INC/Content/HorrorEngine/Meshes/Lever.uasset" 962
"../../../../../2021-yr1-NoClue-INC/Content/HorrorEngine/Meshes/LeverBase.uasset" 963
"../../../../../2021-yr1-NoClue-INC/Content/HorrorEngine/Blueprints/UsableAssets/Controllers/Lever.uasset" 964
"../../../Engine/Content/EditorLandscapeResources/DataLayer.uasset" 965
"../../../../../2021-yr1-NoClue-INC/Content/GameLevels/Level1_BuiltData.uasset" 966
"../../../../../2021-yr1-NoClue-INC/Content/StarterContent/Textures/T_CobbleStone_Pebble_D.uasset" 967
"../../../../../2021-yr1-NoClue-INC/Content/StarterContent/Textures/T_CobbleStone_Pebble_M.uasset" 968
"../../../../../2021-yr1-NoClue-INC/Content/StarterContent/Textures/T_CobbleStone_Pebble_N.uasset" 969
"../../../../../2021-yr1-NoClue-INC/Content/StarterContent/Textures/T_MacroVariation.uasset" 970
"../../../../../2021-yr1-NoClue-INC/Content/StarterContent/Materials/M_CobbleStone_Pebble.uasset" 971
"../../../Engine/Content/Functions/Engine_MaterialFunctions02/Utility/BlendAngleCorrectedNormals.uasset" 972
"../../../../../2021-yr1-NoClue-INC/Content/StarterContent/Textures/T_Metal_Rust_D.uasset" 973
"../../../../../2021-yr1-NoClue-INC/Content/StarterContent/Textures/T_Metal_Rust_N.uasset" 974
"../../../../../2021-yr1-NoClue-INC/Content/StarterContent/Materials/M_Metal_Rust.uasset" 975
"../../../../../2021-yr1-NoClue-INC/Content/StarterContent/Materials/M_Metal_Rust1.uasset" 976
"../../../Engine/Content/EngineMaterials/WeightMapPlaceholderTexture.uasset" 977
"../../../../../2021-yr1-NoClue-INC/Content/Art/Sand_Fine_tdsmeeko_2K_surface_ms/tdsmeeko_2K_Albedo.uasset" 978
"../../../../../2021-yr1-NoClue-INC/Content/Art/Sand_Fine_tdsmeeko_2K_surface_ms/tdsmeeko_2K_Displacement_0.uasset" 979
"../../../../../2021-yr1-NoClue-INC/Content/Art/Sand_Fine_tdsmeeko_2K_surface_ms/tdsmeeko_2K_Normal.uasset" 980
"../../../../../2021-yr1-NoClue-INC/Content/StarterContent/Materials/Sand_Material_try1.uasset" 981
"../../../../../2021-yr1-NoClue-INC/Content/StarterContent/Materials/Sand_Material_try2.uasset" 982
"../../../../../2021-yr1-NoClue-INC/Content/StarterContent/Textures/T_Perlin_Noise_M.uasset" 983
"../../../../../2021-yr1-NoClue-INC/Content/StarterContent/Textures/T_Water_M.uasset" 984
"../../../../../2021-yr1-NoClue-INC/Content/StarterContent/Textures/T_Water_N.uasset" 985
"../../../../../2021-yr1-NoClue-INC/Content/StarterContent/Materials/M_Water_Ocean1.uasset" 986
"../../../../../2021-yr1-NoClue-INC/Content/StarterContent/Materials/M_Water_Ocean1_Inst.uasset" 987
"../../../Engine/Content/BasicShapes/Cube.uasset" 988
"../../../Engine/Content/BasicShapes/Cylinder.uasset" 989
"../../../Engine/Content/BasicShapes/Plane.uasset" 990
"../../../Engine/Content/BasicShapes/Sphere.uasset" 991
"../../../Engine/Content/EngineMaterials/DefaultPhysicalMaterial.uasset" 992
"../../../../../2021-yr1-NoClue-INC/Content/Art/Cave/Material.uasset" 993
"../../../../../2021-yr1-NoClue-INC/Content/Art/Cave/Cave.uasset" 994
"../../../../../2021-yr1-NoClue-INC/Content/Art/CursedPhotos/ah_yess_paper.uasset" 995
"../../../../../2021-yr1-NoClue-INC/Content/Art/CursedPhotos/easter_egg_paper.uasset" 996
"../../../../../2021-yr1-NoClue-INC/Content/Art/CursedPhotos/Image1.uasset" 997
"../../../../../2021-yr1-NoClue-INC/Content/Art/CursedPhotos/Image2.uasset" 998
"../../../../../2021-yr1-NoClue-INC/Content/Art/CursedPhotos/Image3.uasset" 999
"../../../../../2021-yr1-NoClue-INC/Content/Art/CursedPhotos/instruction_paper.uasset" 1000
"../../../../../2021-yr1-NoClue-INC/Content/Art/CursedPhotos/PaperTexture.uasset" 1001
"../../../Engine/Content/Functions/Engine_MaterialFunctions01/Density/ExponentialDensity.uasset" 1002
"../../../Engine/Content/Functions/Engine_MaterialFunctions01/Gradient/RadialGradientExponential.uasset" 1003
"../../../../../2021-yr1-NoClue-INC/Content/Art/Rain/Rain_M.uasset" 1004
"../../../../../2021-yr1-NoClue-INC/Content/Art/Rain/Rain_particle.uasset" 1005
"../../../../../2021-yr1-NoClue-INC/Content/Art/Rock_Cliff_ulujfanga_2K_3d_ms/ulujfanga_LOD1.uasset" 1006
"../../../../../2021-yr1-NoClue-INC/Content/Audio/beach_loop.uasset" 1007
"../../../../../2021-yr1-NoClue-INC/Content/Audio/MonsterScream.uasset" 1008
"../../../../../2021-yr1-NoClue-INC/Content/Audio/reverb_running_sfx.uasset" 1009
"../../../../../2021-yr1-NoClue-INC/Content/HorrorEngine/Textures/HUD/Input_Tab.uasset" 1010
"../../../../../2021-yr1-NoClue-INC/Content/HorrorEngine/Textures/PaperEmpty.uasset" 1011
"../../../../../2021-yr1-NoClue-INC/Content/GameLevels/Level1.umap" 1012
"../../../../../2021-yr1-NoClue-INC/Content/HorrorEngine/Audio/LighterAndTorch/AddOil_Cue.uasset" 1013
"../../../../../2021-yr1-NoClue-INC/Content/HorrorEngine/Meshes/WallTorch.uasset" 1014
"../../../../../2021-yr1-NoClue-INC/Content/HorrorEngine/Blueprints/UsableAssets/Lights/WallTorch.uasset" 1015
"../../../../../2021-yr1-NoClue-INC/Content/GameLevels/Level2_BuiltData.uasset" 1016
"../../../Engine/Content/BasicShapes/BasicShapeMaterial.uasset" 1017
"../../../../../2021-yr1-NoClue-INC/Content/Art/Cave2/crrrcewheax.uasset" 1018
"../../../../../2021-yr1-NoClue-INC/Content/Art/Cave2/Material1.uasset" 1019
"../../../../../2021-yr1-NoClue-INC/Content/Art/Cave2/Background.uasset" 1020
"../../../../../2021-yr1-NoClue-INC/Content/Art/Cave2/Material2.uasset" 1021
"../../../../../2021-yr1-NoClue-INC/Content/Art/Cave2/Material_001.uasset" 1022
"../../../../../2021-yr1-NoClue-INC/Content/Art/Cave2/cavesLevl2_2_Cube_001.uasset" 1023
"../../../../../2021-yr1-NoClue-INC/Content/Art/Cave2/cavesLevl2_2_Cube_002.uasset" 1024
"../../../../../2021-yr1-NoClue-INC/Content/Art/CursedPhotos/back1.uasset" 1025
"../../../../../2021-yr1-NoClue-INC/Content/Art/CursedPhotos/back2.uasset" 1026
"../../../../../2021-yr1-NoClue-INC/Content/Art/CursedPhotos/back3.uasset" 1027
"../../../../../2021-yr1-NoClue-INC/Content/Art/CursedPhotos/back4.uasset" 1028
"../../../../../2021-yr1-NoClue-INC/Content/Art/CursedPhotos/FinalPiece.uasset" 1029
"../../../../../2021-yr1-NoClue-INC/Content/Art/CursedPhotos/Image4.uasset" 1030
"../../../../../2021-yr1-NoClue-INC/Content/Art/CursedPhotos/Image5.uasset" 1031
"../../../../../2021-yr1-NoClue-INC/Content/Art/CursedPhotos/Image6.uasset" 1032
"../../../../../2021-yr1-NoClue-INC/Content/Art/CursedPhotos/Symbol1.uasset" 1033
"../../../../../2021-yr1-NoClue-INC/Content/Art/CursedPhotos/Symbol2.uasset" 1034
"../../../../../2021-yr1-NoClue-INC/Content/Art/CursedPhotos/Symbol3.uasset" 1035
"../../../../../2021-yr1-NoClue-INC/Content/Art/CursedPhotos/Symbol4.uasset" 1036
"../../../../../2021-yr1-NoClue-INC/Content/Art/Gate/Material_001.uasset" 1037
"../../../../../2021-yr1-NoClue-INC/Content/Art/Gate/gate_Door.uasset" 1038
"../../../../../2021-yr1-NoClue-INC/Content/Art/Gate/Material_002.uasset" 1039
"../../../../../2021-yr1-NoClue-INC/Content/Art/Gate/gate_Frame.uasset" 1040
"../../../../../2021-yr1-NoClue-INC/Content/Audio/boulder_sound.uasset" 1041
"../../../../../2021-yr1-NoClue-INC/Content/Audio/cave_ambience.uasset" 1042
"../../../../../2021-yr1-NoClue-INC/Content/GameLevels/Level2.umap" 1043
"../../../../../2021-yr1-NoClue-INC/Content/HorrorEngine/Maps/MenuLevel_BuiltData.uasset" 1044
"../../../../../2021-yr1-NoClue-INC/Content/HorrorEngine/Maps/MenuLevel.umap" 1045
"../../../Engine/Content/Maps/Entry_BuiltData.uasset" 1046
"../../../Engine/Content/Maps/Entry.umap" 1047
